<?xml version="1.0" encoding="UTF-8"?>
<!-- Generated by org.testng.reporters.JUnitXMLReporter -->
<testsuite ignored="0" hostname="LAPTOP-LFU0PBV8" failures="2" tests="2" name="Test" time="0.088" errors="0" timestamp="2024-09-13T11:54:55 EDT">
  <testcase classname="testcases.LoginPageTest" name="loginWithValidDetails" time="0.014">
    <failure type="java.lang.StackOverflowError">
      <![CDATA[java.lang.StackOverflowError
at base.BasePage.<init>(BasePage.java:28)
at pages.LoginPage.<init>(LoginPage.java:10)
at base.BasePage.<init>(BasePage.java:28)
at pages.LoginPage.<init>(LoginPage.java:10)
at base.BasePage.<init>(BasePage.java:28)
at pages.LoginPage.<init>(LoginPage.java:10)
at base.BasePage.<init>(BasePage.java:28)
at pages.LoginPage.<init>(LoginPage.java:10)
at base.BasePage.<init>(BasePage.java:28)
at pages.LoginPage.<init>(LoginPage.java:10)
at base.BasePage.<init>(BasePage.java:28)
at pages.LoginPage.<init>(LoginPage.java:10)
at base.BasePage.<init>(BasePage.java:28)
at pages.LoginPage.<init>(LoginPage.java:10)
at base.BasePage.<init>(BasePage.java:28)
at pages.LoginPage.<init>(LoginPage.java:10)
at base.BasePage.<init>(BasePage.java:28)
at pages.LoginPage.<init>(LoginPage.java:10)
at base.BasePage.<init>(BasePage.java:28)
at pages.LoginPage.<init>(LoginPage.java:10)
at base.BasePage.<init>(BasePage.java:28)
at pages.LoginPage.<init>(LoginPage.java:10)
at base.BasePage.<init>(BasePage.java:28)
at pages.LoginPage.<init>(LoginPage.java:10)
at base.BasePage.<init>(BasePage.java:28)
at pages.LoginPage.<init>(LoginPage.java:10)
at base.BasePage.<init>(BasePage.java:28)
at pages.LoginPage.<init>(LoginPage.java:10)
at base.BasePage.<init>(BasePage.java:28)
at pages.LoginPage.<init>(LoginPage.java:10)
at base.BasePage.<init>(BasePage.java:28)
at pages.LoginPage.<init>(LoginPage.java:10)
at base.BasePage.<init>(BasePage.java:28)
at pages.LoginPage.<init>(LoginPage.java:10)
at base.BasePage.<init>(BasePage.java:28)
at pages.LoginPage.<init>(LoginPage.java:10)
at base.BasePage.<init>(BasePage.java:28)
at pages.LoginPage.<init>(LoginPage.java:10)
at base.BasePage.<init>(BasePage.java:28)
at pages.LoginPage.<init>(LoginPage.java:10)
at base.BasePage.<init>(BasePage.java:28)
at pages.LoginPage.<init>(LoginPage.java:10)
at base.BasePage.<init>(BasePage.java:28)
at pages.LoginPage.<init>(LoginPage.java:10)
at base.BasePage.<init>(BasePage.java:28)
at pages.LoginPage.<init>(LoginPage.java:10)
at base.BasePage.<init>(BasePage.java:28)
at pages.LoginPage.<init>(LoginPage.java:10)
at base.BasePage.<init>(BasePage.java:28)
at pages.LoginPage.<init>(LoginPage.java:10)
at base.BasePage.<init>(BasePage.java:28)
at pages.LoginPage.<init>(LoginPage.java:10)
at base.BasePage.<init>(BasePage.java:28)
at pages.LoginPage.<init>(LoginPage.java:10)
at base.BasePage.<init>(BasePage.java:28)
at pages.LoginPage.<init>(LoginPage.java:10)
at base.BasePage.<init>(BasePage.java:28)
at pages.LoginPage.<init>(LoginPage.java:10)
at base.BasePage.<init>(BasePage.java:28)
at pages.LoginPage.<init>(LoginPage.java:10)
at base.BasePage.<init>(BasePage.java:28)
at pages.LoginPage.<init>(LoginPage.java:10)
at base.BasePage.<init>(BasePage.java:28)
at pages.LoginPage.<init>(LoginPage.java:10)
at base.BasePage.<init>(BasePage.java:28)
at pages.LoginPage.<init>(LoginPage.java:10)
at base.BasePage.<init>(BasePage.java:28)
at pages.LoginPage.<init>(LoginPage.java:10)
at base.BasePage.<init>(BasePage.java:28)
at pages.LoginPage.<init>(LoginPage.java:10)
at base.BasePage.<init>(BasePage.java:28)
at pages.LoginPage.<init>(LoginPage.java:10)
at base.BasePage.<init>(BasePage.java:28)
at pages.LoginPage.<init>(LoginPage.java:10)
at base.BasePage.<init>(BasePage.java:28)
at pages.LoginPage.<init>(LoginPage.java:10)
at base.BasePage.<init>(BasePage.java:28)
at pages.LoginPage.<init>(LoginPage.java:10)
at base.BasePage.<init>(BasePage.java:28)
at pages.LoginPage.<init>(LoginPage.java:10)
at base.BasePage.<init>(BasePage.java:28)
at pages.LoginPage.<init>(LoginPage.java:10)
at base.BasePage.<init>(BasePage.java:28)
at pages.LoginPage.<init>(LoginPage.java:10)
at base.BasePage.<init>(BasePage.java:28)
at pages.LoginPage.<init>(LoginPage.java:10)
at base.BasePage.<init>(BasePage.java:28)
at pages.LoginPage.<init>(LoginPage.java:10)
at base.BasePage.<init>(BasePage.java:28)
at pages.LoginPage.<init>(LoginPage.java:10)
at base.BasePage.<init>(BasePage.java:28)
at pages.LoginPage.<init>(LoginPage.java:10)
at base.BasePage.<init>(BasePage.java:28)
at pages.LoginPage.<init>(LoginPage.java:10)
at base.BasePage.<init>(BasePage.java:28)
at pages.LoginPage.<init>(LoginPage.java:10)
at base.BasePage.<init>(BasePage.java:28)
at pages.LoginPage.<init>(LoginPage.java:10)
at base.BasePage.<init>(BasePage.java:28)
at pages.LoginPage.<init>(LoginPage.java:10)
at base.BasePage.<init>(BasePage.java:28)
at pages.LoginPage.<init>(LoginPage.java:10)
at base.BasePage.<init>(BasePage.java:28)
at pages.LoginPage.<init>(LoginPage.java:10)
at base.BasePage.<init>(BasePage.java:28)
at pages.LoginPage.<init>(LoginPage.java:10)
at base.BasePage.<init>(BasePage.java:28)
at pages.LoginPage.<init>(LoginPage.java:10)
at base.BasePage.<init>(BasePage.java:28)
at pages.LoginPage.<init>(LoginPage.java:10)
at base.BasePage.<init>(BasePage.java:28)
at pages.LoginPage.<init>(LoginPage.java:10)
at base.BasePage.<init>(BasePage.java:28)
at pages.LoginPage.<init>(LoginPage.java:10)
at base.BasePage.<init>(BasePage.java:28)
at pages.LoginPage.<init>(LoginPage.java:10)
at base.BasePage.<init>(BasePage.java:28)
at pages.LoginPage.<init>(LoginPage.java:10)
at base.BasePage.<init>(BasePage.java:28)
at pages.LoginPage.<init>(LoginPage.java:10)
at base.BasePage.<init>(BasePage.java:28)
at pages.LoginPage.<init>(LoginPage.java:10)
at base.BasePage.<init>(BasePage.java:28)
at pages.LoginPage.<init>(LoginPage.java:10)
at base.BasePage.<init>(BasePage.java:28)
at pages.LoginPage.<init>(LoginPage.java:10)
at base.BasePage.<init>(BasePage.java:28)
at pages.LoginPage.<init>(LoginPage.java:10)
at base.BasePage.<init>(BasePage.java:28)
at pages.LoginPage.<init>(LoginPage.java:10)
at base.BasePage.<init>(BasePage.java:28)
at pages.LoginPage.<init>(LoginPage.java:10)
at base.BasePage.<init>(BasePage.java:28)
at pages.LoginPage.<init>(LoginPage.java:10)
at base.BasePage.<init>(BasePage.java:28)
at pages.LoginPage.<init>(LoginPage.java:10)
at base.BasePage.<init>(BasePage.java:28)
at pages.LoginPage.<init>(LoginPage.java:10)
at base.BasePage.<init>(BasePage.java:28)
at pages.LoginPage.<init>(LoginPage.java:10)
at base.BasePage.<init>(BasePage.java:28)
at pages.LoginPage.<init>(LoginPage.java:10)
at base.BasePage.<init>(BasePage.java:28)
at pages.LoginPage.<init>(LoginPage.java:10)
at base.BasePage.<init>(BasePage.java:28)
at pages.LoginPage.<init>(LoginPage.java:10)
at base.BasePage.<init>(BasePage.java:28)
at pages.LoginPage.<init>(LoginPage.java:10)
at base.BasePage.<init>(BasePage.java:28)
at pages.LoginPage.<init>(LoginPage.java:10)
at base.BasePage.<init>(BasePage.java:28)
at pages.LoginPage.<init>(LoginPage.java:10)
at base.BasePage.<init>(BasePage.java:28)
at pages.LoginPage.<init>(LoginPage.java:10)
at base.BasePage.<init>(BasePage.java:28)
at pages.LoginPage.<init>(LoginPage.java:10)
at base.BasePage.<init>(BasePage.java:28)
at pages.LoginPage.<init>(LoginPage.java:10)
at base.BasePage.<init>(BasePage.java:28)
at pages.LoginPage.<init>(LoginPage.java:10)
at base.BasePage.<init>(BasePage.java:28)
at pages.LoginPage.<init>(LoginPage.java:10)
at base.BasePage.<init>(BasePage.java:28)
at pages.LoginPage.<init>(LoginPage.java:10)
at base.BasePage.<init>(BasePage.java:28)
at pages.LoginPage.<init>(LoginPage.java:10)
at base.BasePage.<init>(BasePage.java:28)
at pages.LoginPage.<init>(LoginPage.java:10)
at base.BasePage.<init>(BasePage.java:28)
at pages.LoginPage.<init>(LoginPage.java:10)
at base.BasePage.<init>(BasePage.java:28)
at pages.LoginPage.<init>(LoginPage.java:10)
at base.BasePage.<init>(BasePage.java:28)
at pages.LoginPage.<init>(LoginPage.java:10)
at base.BasePage.<init>(BasePage.java:28)
at pages.LoginPage.<init>(LoginPage.java:10)
at base.BasePage.<init>(BasePage.java:28)
at pages.LoginPage.<init>(LoginPage.java:10)
at base.BasePage.<init>(BasePage.java:28)
at pages.LoginPage.<init>(LoginPage.java:10)
at base.BasePage.<init>(BasePage.java:28)
at pages.LoginPage.<init>(LoginPage.java:10)
at base.BasePage.<init>(BasePage.java:28)
at pages.LoginPage.<init>(LoginPage.java:10)
at base.BasePage.<init>(BasePage.java:28)
at pages.LoginPage.<init>(LoginPage.java:10)
at base.BasePage.<init>(BasePage.java:28)
at pages.LoginPage.<init>(LoginPage.java:10)
at base.BasePage.<init>(BasePage.java:28)
at pages.LoginPage.<init>(LoginPage.java:10)
at base.BasePage.<init>(BasePage.java:28)
at pages.LoginPage.<init>(LoginPage.java:10)
at base.BasePage.<init>(BasePage.java:28)
at pages.LoginPage.<init>(LoginPage.java:10)
at base.BasePage.<init>(BasePage.java:28)
at pages.LoginPage.<init>(LoginPage.java:10)
at base.BasePage.<init>(BasePage.java:28)
at pages.LoginPage.<init>(LoginPage.java:10)
at base.BasePage.<init>(BasePage.java:28)
at pages.LoginPage.<init>(LoginPage.java:10)
at base.BasePage.<init>(BasePage.java:28)
at pages.LoginPage.<init>(LoginPage.java:10)
at base.BasePage.<init>(BasePage.java:28)
at pages.LoginPage.<init>(LoginPage.java:10)
at base.BasePage.<init>(BasePage.java:28)
at pages.LoginPage.<init>(LoginPage.java:10)
at base.BasePage.<init>(BasePage.java:28)
at pages.LoginPage.<init>(LoginPage.java:10)
at base.BasePage.<init>(BasePage.java:28)
at pages.LoginPage.<init>(LoginPage.java:10)
at base.BasePage.<init>(BasePage.java:28)
at pages.LoginPage.<init>(LoginPage.java:10)
at base.BasePage.<init>(BasePage.java:28)
at pages.LoginPage.<init>(LoginPage.java:10)
at base.BasePage.<init>(BasePage.java:28)
at pages.LoginPage.<init>(LoginPage.java:10)
at base.BasePage.<init>(BasePage.java:28)
at pages.LoginPage.<init>(LoginPage.java:10)
at base.BasePage.<init>(BasePage.java:28)
at pages.LoginPage.<init>(LoginPage.java:10)
at base.BasePage.<init>(BasePage.java:28)
at pages.LoginPage.<init>(LoginPage.java:10)
at base.BasePage.<init>(BasePage.java:28)
at pages.LoginPage.<init>(LoginPage.java:10)
at base.BasePage.<init>(BasePage.java:28)
at pages.LoginPage.<init>(LoginPage.java:10)
at base.BasePage.<init>(BasePage.java:28)
at pages.LoginPage.<init>(LoginPage.java:10)
at base.BasePage.<init>(BasePage.java:28)
at pages.LoginPage.<init>(LoginPage.java:10)
at base.BasePage.<init>(BasePage.java:28)
at pages.LoginPage.<init>(LoginPage.java:10)
at base.BasePage.<init>(BasePage.java:28)
at pages.LoginPage.<init>(LoginPage.java:10)
at base.BasePage.<init>(BasePage.java:28)
at pages.LoginPage.<init>(LoginPage.java:10)
at base.BasePage.<init>(BasePage.java:28)
at pages.LoginPage.<init>(LoginPage.java:10)
at base.BasePage.<init>(BasePage.java:28)
at pages.LoginPage.<init>(LoginPage.java:10)
at base.BasePage.<init>(BasePage.java:28)
at pages.LoginPage.<init>(LoginPage.java:10)
at base.BasePage.<init>(BasePage.java:28)
at pages.LoginPage.<init>(LoginPage.java:10)
at base.BasePage.<init>(BasePage.java:28)
at pages.LoginPage.<init>(LoginPage.java:10)
at base.BasePage.<init>(BasePage.java:28)
at pages.LoginPage.<init>(LoginPage.java:10)
at base.BasePage.<init>(BasePage.java:28)
at pages.LoginPage.<init>(LoginPage.java:10)
at base.BasePage.<init>(BasePage.java:28)
at pages.LoginPage.<init>(LoginPage.java:10)
at base.BasePage.<init>(BasePage.java:28)
at pages.LoginPage.<init>(LoginPage.java:10)
at base.BasePage.<init>(BasePage.java:28)
at pages.LoginPage.<init>(LoginPage.java:10)
at base.BasePage.<init>(BasePage.java:28)
at pages.LoginPage.<init>(LoginPage.java:10)
at base.BasePage.<init>(BasePage.java:28)
at pages.LoginPage.<init>(LoginPage.java:10)
at base.BasePage.<init>(BasePage.java:28)
at pages.LoginPage.<init>(LoginPage.java:10)
at base.BasePage.<init>(BasePage.java:28)
at pages.LoginPage.<init>(LoginPage.java:10)
at base.BasePage.<init>(BasePage.java:28)
at pages.LoginPage.<init>(LoginPage.java:10)
at base.BasePage.<init>(BasePage.java:28)
at pages.LoginPage.<init>(LoginPage.java:10)
at base.BasePage.<init>(BasePage.java:28)
at pages.LoginPage.<init>(LoginPage.java:10)
at base.BasePage.<init>(BasePage.java:28)
at pages.LoginPage.<init>(LoginPage.java:10)
at base.BasePage.<init>(BasePage.java:28)
at pages.LoginPage.<init>(LoginPage.java:10)
at base.BasePage.<init>(BasePage.java:28)
at pages.LoginPage.<init>(LoginPage.java:10)
at base.BasePage.<init>(BasePage.java:28)
at pages.LoginPage.<init>(LoginPage.java:10)
at base.BasePage.<init>(BasePage.java:28)
at pages.LoginPage.<init>(LoginPage.java:10)
at base.BasePage.<init>(BasePage.java:28)
at pages.LoginPage.<init>(LoginPage.java:10)
at base.BasePage.<init>(BasePage.java:28)
at pages.LoginPage.<init>(LoginPage.java:10)
at base.BasePage.<init>(BasePage.java:28)
at pages.LoginPage.<init>(LoginPage.java:10)
at base.BasePage.<init>(BasePage.java:28)
at pages.LoginPage.<init>(LoginPage.java:10)
at base.BasePage.<init>(BasePage.java:28)
at pages.LoginPage.<init>(LoginPage.java:10)
at base.BasePage.<init>(BasePage.java:28)
at pages.LoginPage.<init>(LoginPage.java:10)
at base.BasePage.<init>(BasePage.java:28)
at pages.LoginPage.<init>(LoginPage.java:10)
at base.BasePage.<init>(BasePage.java:28)
at pages.LoginPage.<init>(LoginPage.java:10)
at base.BasePage.<init>(BasePage.java:28)
at pages.LoginPage.<init>(LoginPage.java:10)
at base.BasePage.<init>(BasePage.java:28)
at pages.LoginPage.<init>(LoginPage.java:10)
at base.BasePage.<init>(BasePage.java:28)
at pages.LoginPage.<init>(LoginPage.java:10)
at base.BasePage.<init>(BasePage.java:28)
at pages.LoginPage.<init>(LoginPage.java:10)
at base.BasePage.<init>(BasePage.java:28)
at pages.LoginPage.<init>(LoginPage.java:10)
at base.BasePage.<init>(BasePage.java:28)
at pages.LoginPage.<init>(LoginPage.java:10)
at base.BasePage.<init>(BasePage.java:28)
at pages.LoginPage.<init>(LoginPage.java:10)
at base.BasePage.<init>(BasePage.java:28)
at pages.LoginPage.<init>(LoginPage.java:10)
at base.BasePage.<init>(BasePage.java:28)
at pages.LoginPage.<init>(LoginPage.java:10)
at base.BasePage.<init>(BasePage.java:28)
at pages.LoginPage.<init>(LoginPage.java:10)
at base.BasePage.<init>(BasePage.java:28)
at pages.LoginPage.<init>(LoginPage.java:10)
at base.BasePage.<init>(BasePage.java:28)
at pages.LoginPage.<init>(LoginPage.java:10)
at base.BasePage.<init>(BasePage.java:28)
at pages.LoginPage.<init>(LoginPage.java:10)
at base.BasePage.<init>(BasePage.java:28)
at pages.LoginPage.<init>(LoginPage.java:10)
at base.BasePage.<init>(BasePage.java:28)
at pages.LoginPage.<init>(LoginPage.java:10)
at base.BasePage.<init>(BasePage.java:28)
at pages.LoginPage.<init>(LoginPage.java:10)
at base.BasePage.<init>(BasePage.java:28)
at pages.LoginPage.<init>(LoginPage.java:10)
at base.BasePage.<init>(BasePage.java:28)
at pages.LoginPage.<init>(LoginPage.java:10)
at base.BasePage.<init>(BasePage.java:28)
at pages.LoginPage.<init>(LoginPage.java:10)
at base.BasePage.<init>(BasePage.java:28)
at pages.LoginPage.<init>(LoginPage.java:10)
at base.BasePage.<init>(BasePage.java:28)
at pages.LoginPage.<init>(LoginPage.java:10)
at base.BasePage.<init>(BasePage.java:28)
at pages.LoginPage.<init>(LoginPage.java:10)
at base.BasePage.<init>(BasePage.java:28)
at pages.LoginPage.<init>(LoginPage.java:10)
at base.BasePage.<init>(BasePage.java:28)
at pages.LoginPage.<init>(LoginPage.java:10)
at base.BasePage.<init>(BasePage.java:28)
at pages.LoginPage.<init>(LoginPage.java:10)
at base.BasePage.<init>(BasePage.java:28)
at pages.LoginPage.<init>(LoginPage.java:10)
at base.BasePage.<init>(BasePage.java:28)
at pages.LoginPage.<init>(LoginPage.java:10)
at base.BasePage.<init>(BasePage.java:28)
at pages.LoginPage.<init>(LoginPage.java:10)
at base.BasePage.<init>(BasePage.java:28)
at pages.LoginPage.<init>(LoginPage.java:10)
at base.BasePage.<init>(BasePage.java:28)
at pages.LoginPage.<init>(LoginPage.java:10)
at base.BasePage.<init>(BasePage.java:28)
at pages.LoginPage.<init>(LoginPage.java:10)
at base.BasePage.<init>(BasePage.java:28)
at pages.LoginPage.<init>(LoginPage.java:10)
at base.BasePage.<init>(BasePage.java:28)
at pages.LoginPage.<init>(LoginPage.java:10)
at base.BasePage.<init>(BasePage.java:28)
at pages.LoginPage.<init>(LoginPage.java:10)
at base.BasePage.<init>(BasePage.java:28)
at pages.LoginPage.<init>(LoginPage.java:10)
at base.BasePage.<init>(BasePage.java:28)
at pages.LoginPage.<init>(LoginPage.java:10)
at base.BasePage.<init>(BasePage.java:28)
at pages.LoginPage.<init>(LoginPage.java:10)
at base.BasePage.<init>(BasePage.java:28)
at pages.LoginPage.<init>(LoginPage.java:10)
at base.BasePage.<init>(BasePage.java:28)
at pages.LoginPage.<init>(LoginPage.java:10)
at base.BasePage.<init>(BasePage.java:28)
at pages.LoginPage.<init>(LoginPage.java:10)
at base.BasePage.<init>(BasePage.java:28)
at pages.LoginPage.<init>(LoginPage.java:10)
at base.BasePage.<init>(BasePage.java:28)
at pages.LoginPage.<init>(LoginPage.java:10)
at base.BasePage.<init>(BasePage.java:28)
at pages.LoginPage.<init>(LoginPage.java:10)
at base.BasePage.<init>(BasePage.java:28)
at pages.LoginPage.<init>(LoginPage.java:10)
at base.BasePage.<init>(BasePage.java:28)
at pages.LoginPage.<init>(LoginPage.java:10)
at base.BasePage.<init>(BasePage.java:28)
at pages.LoginPage.<init>(LoginPage.java:10)
at base.BasePage.<init>(BasePage.java:28)
at pages.LoginPage.<init>(LoginPage.java:10)
at base.BasePage.<init>(BasePage.java:28)
at pages.LoginPage.<init>(LoginPage.java:10)
at base.BasePage.<init>(BasePage.java:28)
at pages.LoginPage.<init>(LoginPage.java:10)
at base.BasePage.<init>(BasePage.java:28)
at pages.LoginPage.<init>(LoginPage.java:10)
at base.BasePage.<init>(BasePage.java:28)
at pages.LoginPage.<init>(LoginPage.java:10)
at base.BasePage.<init>(BasePage.java:28)
at pages.LoginPage.<init>(LoginPage.java:10)
at base.BasePage.<init>(BasePage.java:28)
at pages.LoginPage.<init>(LoginPage.java:10)
at base.BasePage.<init>(BasePage.java:28)
at pages.LoginPage.<init>(LoginPage.java:10)
at base.BasePage.<init>(BasePage.java:28)
at pages.LoginPage.<init>(LoginPage.java:10)
at base.BasePage.<init>(BasePage.java:28)
at pages.LoginPage.<init>(LoginPage.java:10)
at base.BasePage.<init>(BasePage.java:28)
at pages.LoginPage.<init>(LoginPage.java:10)
at base.BasePage.<init>(BasePage.java:28)
at pages.LoginPage.<init>(LoginPage.java:10)
at base.BasePage.<init>(BasePage.java:28)
at pages.LoginPage.<init>(LoginPage.java:10)
at base.BasePage.<init>(BasePage.java:28)
at pages.LoginPage.<init>(LoginPage.java:10)
at base.BasePage.<init>(BasePage.java:28)
at pages.LoginPage.<init>(LoginPage.java:10)
at base.BasePage.<init>(BasePage.java:28)
at pages.LoginPage.<init>(LoginPage.java:10)
at base.BasePage.<init>(BasePage.java:28)
at pages.LoginPage.<init>(LoginPage.java:10)
at base.BasePage.<init>(BasePage.java:28)
at pages.LoginPage.<init>(LoginPage.java:10)
at base.BasePage.<init>(BasePage.java:28)
at pages.LoginPage.<init>(LoginPage.java:10)
at base.BasePage.<init>(BasePage.java:28)
at pages.LoginPage.<init>(LoginPage.java:10)
at base.BasePage.<init>(BasePage.java:28)
at pages.LoginPage.<init>(LoginPage.java:10)
at base.BasePage.<init>(BasePage.java:28)
at pages.LoginPage.<init>(LoginPage.java:10)
at base.BasePage.<init>(BasePage.java:28)
at pages.LoginPage.<init>(LoginPage.java:10)
at base.BasePage.<init>(BasePage.java:28)
at pages.LoginPage.<init>(LoginPage.java:10)
at base.BasePage.<init>(BasePage.java:28)
at pages.LoginPage.<init>(LoginPage.java:10)
at base.BasePage.<init>(BasePage.java:28)
at pages.LoginPage.<init>(LoginPage.java:10)
at base.BasePage.<init>(BasePage.java:28)
at pages.LoginPage.<init>(LoginPage.java:10)
at base.BasePage.<init>(BasePage.java:28)
at pages.LoginPage.<init>(LoginPage.java:10)
at base.BasePage.<init>(BasePage.java:28)
at pages.LoginPage.<init>(LoginPage.java:10)
at base.BasePage.<init>(BasePage.java:28)
at pages.LoginPage.<init>(LoginPage.java:10)
at base.BasePage.<init>(BasePage.java:28)
at pages.LoginPage.<init>(LoginPage.java:10)
at base.BasePage.<init>(BasePage.java:28)
at pages.LoginPage.<init>(LoginPage.java:10)
at base.BasePage.<init>(BasePage.java:28)
at pages.LoginPage.<init>(LoginPage.java:10)
at base.BasePage.<init>(BasePage.java:28)
at pages.LoginPage.<init>(LoginPage.java:10)
at base.BasePage.<init>(BasePage.java:28)
at pages.LoginPage.<init>(LoginPage.java:10)
at base.BasePage.<init>(BasePage.java:28)
at pages.LoginPage.<init>(LoginPage.java:10)
at base.BasePage.<init>(BasePage.java:28)
at pages.LoginPage.<init>(LoginPage.java:10)
at base.BasePage.<init>(BasePage.java:28)
at pages.LoginPage.<init>(LoginPage.java:10)
at base.BasePage.<init>(BasePage.java:28)
at pages.LoginPage.<init>(LoginPage.java:10)
at base.BasePage.<init>(BasePage.java:28)
at pages.LoginPage.<init>(LoginPage.java:10)
at base.BasePage.<init>(BasePage.java:28)
at pages.LoginPage.<init>(LoginPage.java:10)
at base.BasePage.<init>(BasePage.java:28)
at pages.LoginPage.<init>(LoginPage.java:10)
at base.BasePage.<init>(BasePage.java:28)
at pages.LoginPage.<init>(LoginPage.java:10)
at base.BasePage.<init>(BasePage.java:28)
at pages.LoginPage.<init>(LoginPage.java:10)
at base.BasePage.<init>(BasePage.java:28)
at pages.LoginPage.<init>(LoginPage.java:10)
at base.BasePage.<init>(BasePage.java:28)
at pages.LoginPage.<init>(LoginPage.java:10)
at base.BasePage.<init>(BasePage.java:28)
at pages.LoginPage.<init>(LoginPage.java:10)
at base.BasePage.<init>(BasePage.java:28)
at pages.LoginPage.<init>(LoginPage.java:10)
at base.BasePage.<init>(BasePage.java:28)
at pages.LoginPage.<init>(LoginPage.java:10)
at base.BasePage.<init>(BasePage.java:28)
at pages.LoginPage.<init>(LoginPage.java:10)
at base.BasePage.<init>(BasePage.java:28)
at pages.LoginPage.<init>(LoginPage.java:10)
at base.BasePage.<init>(BasePage.java:28)
at pages.LoginPage.<init>(LoginPage.java:10)
at base.BasePage.<init>(BasePage.java:28)
at pages.LoginPage.<init>(LoginPage.java:10)
at base.BasePage.<init>(BasePage.java:28)
at pages.LoginPage.<init>(LoginPage.java:10)
at base.BasePage.<init>(BasePage.java:28)
at pages.LoginPage.<init>(LoginPage.java:10)
at base.BasePage.<init>(BasePage.java:28)
at pages.LoginPage.<init>(LoginPage.java:10)
at base.BasePage.<init>(BasePage.java:28)
at pages.LoginPage.<init>(LoginPage.java:10)
at base.BasePage.<init>(BasePage.java:28)
at pages.LoginPage.<init>(LoginPage.java:10)
at base.BasePage.<init>(BasePage.java:28)
at pages.LoginPage.<init>(LoginPage.java:10)
at base.BasePage.<init>(BasePage.java:28)
at pages.LoginPage.<init>(LoginPage.java:10)
at base.BasePage.<init>(BasePage.java:28)
at pages.LoginPage.<init>(LoginPage.java:10)
at base.BasePage.<init>(BasePage.java:28)
at pages.LoginPage.<init>(LoginPage.java:10)
at base.BasePage.<init>(BasePage.java:28)
at pages.LoginPage.<init>(LoginPage.java:10)
at base.BasePage.<init>(BasePage.java:28)
at pages.LoginPage.<init>(LoginPage.java:10)
at base.BasePage.<init>(BasePage.java:28)
at pages.LoginPage.<init>(LoginPage.java:10)
at base.BasePage.<init>(BasePage.java:28)
at pages.LoginPage.<init>(LoginPage.java:10)
at base.BasePage.<init>(BasePage.java:28)
at pages.LoginPage.<init>(LoginPage.java:10)
at base.BasePage.<init>(BasePage.java:28)
at pages.LoginPage.<init>(LoginPage.java:10)
at base.BasePage.<init>(BasePage.java:28)
at pages.LoginPage.<init>(LoginPage.java:10)
at base.BasePage.<init>(BasePage.java:28)
at pages.LoginPage.<init>(LoginPage.java:10)
at base.BasePage.<init>(BasePage.java:28)
at pages.LoginPage.<init>(LoginPage.java:10)
at base.BasePage.<init>(BasePage.java:28)
at pages.LoginPage.<init>(LoginPage.java:10)
at base.BasePage.<init>(BasePage.java:28)
at pages.LoginPage.<init>(LoginPage.java:10)
at base.BasePage.<init>(BasePage.java:28)
at pages.LoginPage.<init>(LoginPage.java:10)
at base.BasePage.<init>(BasePage.java:28)
at pages.LoginPage.<init>(LoginPage.java:10)
at base.BasePage.<init>(BasePage.java:28)
at pages.LoginPage.<init>(LoginPage.java:10)
at base.BasePage.<init>(BasePage.java:28)
at pages.LoginPage.<init>(LoginPage.java:10)
at base.BasePage.<init>(BasePage.java:28)
at pages.LoginPage.<init>(LoginPage.java:10)
at base.BasePage.<init>(BasePage.java:28)
at pages.LoginPage.<init>(LoginPage.java:10)
at base.BasePage.<init>(BasePage.java:28)
at pages.LoginPage.<init>(LoginPage.java:10)
at base.BasePage.<init>(BasePage.java:28)
at pages.LoginPage.<init>(LoginPage.java:10)
at base.BasePage.<init>(BasePage.java:28)
at pages.LoginPage.<init>(LoginPage.java:10)
at base.BasePage.<init>(BasePage.java:28)
at pages.LoginPage.<init>(LoginPage.java:10)
at base.BasePage.<init>(BasePage.java:28)
at pages.LoginPage.<init>(LoginPage.java:10)
at base.BasePage.<init>(BasePage.java:28)
at pages.LoginPage.<init>(LoginPage.java:10)
at base.BasePage.<init>(BasePage.java:28)
at pages.LoginPage.<init>(LoginPage.java:10)
at base.BasePage.<init>(BasePage.java:28)
at pages.LoginPage.<init>(LoginPage.java:10)
at base.BasePage.<init>(BasePage.java:28)
at pages.LoginPage.<init>(LoginPage.java:10)
at base.BasePage.<init>(BasePage.java:28)
at pages.LoginPage.<init>(LoginPage.java:10)
at base.BasePage.<init>(BasePage.java:28)
at pages.LoginPage.<init>(LoginPage.java:10)
at base.BasePage.<init>(BasePage.java:28)
at pages.LoginPage.<init>(LoginPage.java:10)
at base.BasePage.<init>(BasePage.java:28)
at pages.LoginPage.<init>(LoginPage.java:10)
at base.BasePage.<init>(BasePage.java:28)
at pages.LoginPage.<init>(LoginPage.java:10)
at base.BasePage.<init>(BasePage.java:28)
at pages.LoginPage.<init>(LoginPage.java:10)
at base.BasePage.<init>(BasePage.java:28)
at pages.LoginPage.<init>(LoginPage.java:10)
at base.BasePage.<init>(BasePage.java:28)
at pages.LoginPage.<init>(LoginPage.java:10)
at base.BasePage.<init>(BasePage.java:28)
at pages.LoginPage.<init>(LoginPage.java:10)
at base.BasePage.<init>(BasePage.java:28)
at pages.LoginPage.<init>(LoginPage.java:10)
at base.BasePage.<init>(BasePage.java:28)
at pages.LoginPage.<init>(LoginPage.java:10)
at base.BasePage.<init>(BasePage.java:28)
at pages.LoginPage.<init>(LoginPage.java:10)
at base.BasePage.<init>(BasePage.java:28)
at pages.LoginPage.<init>(LoginPage.java:10)
at base.BasePage.<init>(BasePage.java:28)
at pages.LoginPage.<init>(LoginPage.java:10)
at base.BasePage.<init>(BasePage.java:28)
at pages.LoginPage.<init>(LoginPage.java:10)
at base.BasePage.<init>(BasePage.java:28)
at pages.LoginPage.<init>(LoginPage.java:10)
at base.BasePage.<init>(BasePage.java:28)
at pages.LoginPage.<init>(LoginPage.java:10)
at base.BasePage.<init>(BasePage.java:28)
at pages.LoginPage.<init>(LoginPage.java:10)
at base.BasePage.<init>(BasePage.java:28)
at pages.LoginPage.<init>(LoginPage.java:10)
at base.BasePage.<init>(BasePage.java:28)
at pages.LoginPage.<init>(LoginPage.java:10)
at base.BasePage.<init>(BasePage.java:28)
at pages.LoginPage.<init>(LoginPage.java:10)
at base.BasePage.<init>(BasePage.java:28)
at pages.LoginPage.<init>(LoginPage.java:10)
at base.BasePage.<init>(BasePage.java:28)
at pages.LoginPage.<init>(LoginPage.java:10)
at base.BasePage.<init>(BasePage.java:28)
at pages.LoginPage.<init>(LoginPage.java:10)
at base.BasePage.<init>(BasePage.java:28)
at pages.LoginPage.<init>(LoginPage.java:10)
at base.BasePage.<init>(BasePage.java:28)
at pages.LoginPage.<init>(LoginPage.java:10)
at base.BasePage.<init>(BasePage.java:28)
at pages.LoginPage.<init>(LoginPage.java:10)
at base.BasePage.<init>(BasePage.java:28)
at pages.LoginPage.<init>(LoginPage.java:10)
at base.BasePage.<init>(BasePage.java:28)
at pages.LoginPage.<init>(LoginPage.java:10)
at base.BasePage.<init>(BasePage.java:28)
at pages.LoginPage.<init>(LoginPage.java:10)
at base.BasePage.<init>(BasePage.java:28)
at pages.LoginPage.<init>(LoginPage.java:10)
at base.BasePage.<init>(BasePage.java:28)
at pages.LoginPage.<init>(LoginPage.java:10)
at base.BasePage.<init>(BasePage.java:28)
at pages.LoginPage.<init>(LoginPage.java:10)
at base.BasePage.<init>(BasePage.java:28)
at pages.LoginPage.<init>(LoginPage.java:10)
at base.BasePage.<init>(BasePage.java:28)
at pages.LoginPage.<init>(LoginPage.java:10)
at base.BasePage.<init>(BasePage.java:28)
at pages.LoginPage.<init>(LoginPage.java:10)
at base.BasePage.<init>(BasePage.java:28)
at pages.LoginPage.<init>(LoginPage.java:10)
at base.BasePage.<init>(BasePage.java:28)
at pages.LoginPage.<init>(LoginPage.java:10)
at base.BasePage.<init>(BasePage.java:28)
at pages.LoginPage.<init>(LoginPage.java:10)
at base.BasePage.<init>(BasePage.java:28)
at pages.LoginPage.<init>(LoginPage.java:10)
at base.BasePage.<init>(BasePage.java:28)
at pages.LoginPage.<init>(LoginPage.java:10)
at base.BasePage.<init>(BasePage.java:28)
at pages.LoginPage.<init>(LoginPage.java:10)
at base.BasePage.<init>(BasePage.java:28)
at pages.LoginPage.<init>(LoginPage.java:10)
at base.BasePage.<init>(BasePage.java:28)
at pages.LoginPage.<init>(LoginPage.java:10)
at base.BasePage.<init>(BasePage.java:28)
at pages.LoginPage.<init>(LoginPage.java:10)
at base.BasePage.<init>(BasePage.java:28)
at pages.LoginPage.<init>(LoginPage.java:10)
at base.BasePage.<init>(BasePage.java:28)
at pages.LoginPage.<init>(LoginPage.java:10)
at base.BasePage.<init>(BasePage.java:28)
at pages.LoginPage.<init>(LoginPage.java:10)
at base.BasePage.<init>(BasePage.java:28)
at pages.LoginPage.<init>(LoginPage.java:10)
at base.BasePage.<init>(BasePage.java:28)
at pages.LoginPage.<init>(LoginPage.java:10)
at base.BasePage.<init>(BasePage.java:28)
at pages.LoginPage.<init>(LoginPage.java:10)
at base.BasePage.<init>(BasePage.java:28)
at pages.LoginPage.<init>(LoginPage.java:10)
at base.BasePage.<init>(BasePage.java:28)
at pages.LoginPage.<init>(LoginPage.java:10)
at base.BasePage.<init>(BasePage.java:28)
at pages.LoginPage.<init>(LoginPage.java:10)
at base.BasePage.<init>(BasePage.java:28)
at pages.LoginPage.<init>(LoginPage.java:10)
at base.BasePage.<init>(BasePage.java:28)
at pages.LoginPage.<init>(LoginPage.java:10)
at base.BasePage.<init>(BasePage.java:28)
at pages.LoginPage.<init>(LoginPage.java:10)
at base.BasePage.<init>(BasePage.java:28)
at pages.LoginPage.<init>(LoginPage.java:10)
at base.BasePage.<init>(BasePage.java:28)
at pages.LoginPage.<init>(LoginPage.java:10)
at base.BasePage.<init>(BasePage.java:28)
at pages.LoginPage.<init>(LoginPage.java:10)
at base.BasePage.<init>(BasePage.java:28)
at pages.LoginPage.<init>(LoginPage.java:10)
at base.BasePage.<init>(BasePage.java:28)
at pages.LoginPage.<init>(LoginPage.java:10)
at base.BasePage.<init>(BasePage.java:28)
at pages.LoginPage.<init>(LoginPage.java:10)
at base.BasePage.<init>(BasePage.java:28)
at pages.LoginPage.<init>(LoginPage.java:10)
at base.BasePage.<init>(BasePage.java:28)
at pages.LoginPage.<init>(LoginPage.java:10)
at base.BasePage.<init>(BasePage.java:28)
at pages.LoginPage.<init>(LoginPage.java:10)
at base.BasePage.<init>(BasePage.java:28)
at pages.LoginPage.<init>(LoginPage.java:10)
at base.BasePage.<init>(BasePage.java:28)
at pages.LoginPage.<init>(LoginPage.java:10)
at base.BasePage.<init>(BasePage.java:28)
at pages.LoginPage.<init>(LoginPage.java:10)
at base.BasePage.<init>(BasePage.java:28)
at pages.LoginPage.<init>(LoginPage.java:10)
at base.BasePage.<init>(BasePage.java:28)
at pages.LoginPage.<init>(LoginPage.java:10)
at base.BasePage.<init>(BasePage.java:28)
at pages.LoginPage.<init>(LoginPage.java:10)
at base.BasePage.<init>(BasePage.java:28)
at pages.LoginPage.<init>(LoginPage.java:10)
at base.BasePage.<init>(BasePage.java:28)
at pages.LoginPage.<init>(LoginPage.java:10)
at base.BasePage.<init>(BasePage.java:28)
at pages.LoginPage.<init>(LoginPage.java:10)
at base.BasePage.<init>(BasePage.java:28)
at pages.LoginPage.<init>(LoginPage.java:10)
at base.BasePage.<init>(BasePage.java:28)
at pages.LoginPage.<init>(LoginPage.java:10)
at base.BasePage.<init>(BasePage.java:28)
at pages.LoginPage.<init>(LoginPage.java:10)
at base.BasePage.<init>(BasePage.java:28)
at pages.LoginPage.<init>(LoginPage.java:10)
at base.BasePage.<init>(BasePage.java:28)
at pages.LoginPage.<init>(LoginPage.java:10)
at base.BasePage.<init>(BasePage.java:28)
at pages.LoginPage.<init>(LoginPage.java:10)
at base.BasePage.<init>(BasePage.java:28)
at pages.LoginPage.<init>(LoginPage.java:10)
at base.BasePage.<init>(BasePage.java:28)
at pages.LoginPage.<init>(LoginPage.java:10)
at base.BasePage.<init>(BasePage.java:28)
at pages.LoginPage.<init>(LoginPage.java:10)
at base.BasePage.<init>(BasePage.java:28)
at pages.LoginPage.<init>(LoginPage.java:10)
at base.BasePage.<init>(BasePage.java:28)
at pages.LoginPage.<init>(LoginPage.java:10)
at base.BasePage.<init>(BasePage.java:28)
at pages.LoginPage.<init>(LoginPage.java:10)
at base.BasePage.<init>(BasePage.java:28)
at pages.LoginPage.<init>(LoginPage.java:10)
at base.BasePage.<init>(BasePage.java:28)
at pages.LoginPage.<init>(LoginPage.java:10)
at base.BasePage.<init>(BasePage.java:28)
at pages.LoginPage.<init>(LoginPage.java:10)
at base.BasePage.<init>(BasePage.java:28)
at pages.LoginPage.<init>(LoginPage.java:10)
at base.BasePage.<init>(BasePage.java:28)
at pages.LoginPage.<init>(LoginPage.java:10)
at base.BasePage.<init>(BasePage.java:28)
at pages.LoginPage.<init>(LoginPage.java:10)
at base.BasePage.<init>(BasePage.java:28)
at pages.LoginPage.<init>(LoginPage.java:10)
at base.BasePage.<init>(BasePage.java:28)
at pages.LoginPage.<init>(LoginPage.java:10)
at base.BasePage.<init>(BasePage.java:28)
at pages.LoginPage.<init>(LoginPage.java:10)
at base.BasePage.<init>(BasePage.java:28)
at pages.LoginPage.<init>(LoginPage.java:10)
at base.BasePage.<init>(BasePage.java:28)
at pages.LoginPage.<init>(LoginPage.java:10)
at base.BasePage.<init>(BasePage.java:28)
at pages.LoginPage.<init>(LoginPage.java:10)
at base.BasePage.<init>(BasePage.java:28)
at pages.LoginPage.<init>(LoginPage.java:10)
at base.BasePage.<init>(BasePage.java:28)
at pages.LoginPage.<init>(LoginPage.java:10)
at base.BasePage.<init>(BasePage.java:28)
at pages.LoginPage.<init>(LoginPage.java:10)
at base.BasePage.<init>(BasePage.java:28)
at pages.LoginPage.<init>(LoginPage.java:10)
at base.BasePage.<init>(BasePage.java:28)
at pages.LoginPage.<init>(LoginPage.java:10)
at base.BasePage.<init>(BasePage.java:28)
at pages.LoginPage.<init>(LoginPage.java:10)
at base.BasePage.<init>(BasePage.java:28)
at pages.LoginPage.<init>(LoginPage.java:10)
at base.BasePage.<init>(BasePage.java:28)
at pages.LoginPage.<init>(LoginPage.java:10)
at base.BasePage.<init>(BasePage.java:28)
at pages.LoginPage.<init>(LoginPage.java:10)
at base.BasePage.<init>(BasePage.java:28)
at pages.LoginPage.<init>(LoginPage.java:10)
at base.BasePage.<init>(BasePage.java:28)
at pages.LoginPage.<init>(LoginPage.java:10)
at base.BasePage.<init>(BasePage.java:28)
at pages.LoginPage.<init>(LoginPage.java:10)
at base.BasePage.<init>(BasePage.java:28)
at pages.LoginPage.<init>(LoginPage.java:10)
at base.BasePage.<init>(BasePage.java:28)
at pages.LoginPage.<init>(LoginPage.java:10)
at base.BasePage.<init>(BasePage.java:28)
at pages.LoginPage.<init>(LoginPage.java:10)
at base.BasePage.<init>(BasePage.java:28)
at pages.LoginPage.<init>(LoginPage.java:10)
at base.BasePage.<init>(BasePage.java:28)
at pages.LoginPage.<init>(LoginPage.java:10)
at base.BasePage.<init>(BasePage.java:28)
at pages.LoginPage.<init>(LoginPage.java:10)
at base.BasePage.<init>(BasePage.java:28)
at pages.LoginPage.<init>(LoginPage.java:10)
at base.BasePage.<init>(BasePage.java:28)
at pages.LoginPage.<init>(LoginPage.java:10)
at base.BasePage.<init>(BasePage.java:28)
at pages.LoginPage.<init>(LoginPage.java:10)
at base.BasePage.<init>(BasePage.java:28)
at pages.LoginPage.<init>(LoginPage.java:10)
at base.BasePage.<init>(BasePage.java:28)
at pages.LoginPage.<init>(LoginPage.java:10)
at base.BasePage.<init>(BasePage.java:28)
at pages.LoginPage.<init>(LoginPage.java:10)
at base.BasePage.<init>(BasePage.java:28)
at pages.LoginPage.<init>(LoginPage.java:10)
at base.BasePage.<init>(BasePage.java:28)
at pages.LoginPage.<init>(LoginPage.java:10)
at base.BasePage.<init>(BasePage.java:28)
at pages.LoginPage.<init>(LoginPage.java:10)
at base.BasePage.<init>(BasePage.java:28)
at pages.LoginPage.<init>(LoginPage.java:10)
at base.BasePage.<init>(BasePage.java:28)
at pages.LoginPage.<init>(LoginPage.java:10)
at base.BasePage.<init>(BasePage.java:28)
at pages.LoginPage.<init>(LoginPage.java:10)
at base.BasePage.<init>(BasePage.java:28)
at pages.LoginPage.<init>(LoginPage.java:10)
at base.BasePage.<init>(BasePage.java:28)
at pages.LoginPage.<init>(LoginPage.java:10)
at base.BasePage.<init>(BasePage.java:28)
at pages.LoginPage.<init>(LoginPage.java:10)
at base.BasePage.<init>(BasePage.java:28)
at pages.LoginPage.<init>(LoginPage.java:10)
at base.BasePage.<init>(BasePage.java:28)
at pages.LoginPage.<init>(LoginPage.java:10)
at base.BasePage.<init>(BasePage.java:28)
at pages.LoginPage.<init>(LoginPage.java:10)
at base.BasePage.<init>(BasePage.java:28)
at pages.LoginPage.<init>(LoginPage.java:10)
at base.BasePage.<init>(BasePage.java:28)
at pages.LoginPage.<init>(LoginPage.java:10)
at base.BasePage.<init>(BasePage.java:28)
at pages.LoginPage.<init>(LoginPage.java:10)
at base.BasePage.<init>(BasePage.java:28)
at pages.LoginPage.<init>(LoginPage.java:10)
at base.BasePage.<init>(BasePage.java:28)
at pages.LoginPage.<init>(LoginPage.java:10)
at base.BasePage.<init>(BasePage.java:28)
at pages.LoginPage.<init>(LoginPage.java:10)
at base.BasePage.<init>(BasePage.java:28)
at pages.LoginPage.<init>(LoginPage.java:10)
at base.BasePage.<init>(BasePage.java:28)
at pages.LoginPage.<init>(LoginPage.java:10)
at base.BasePage.<init>(BasePage.java:28)
at pages.LoginPage.<init>(LoginPage.java:10)
at base.BasePage.<init>(BasePage.java:28)
at pages.LoginPage.<init>(LoginPage.java:10)
at base.BasePage.<init>(BasePage.java:28)
at pages.LoginPage.<init>(LoginPage.java:10)
at base.BasePage.<init>(BasePage.java:28)
at pages.LoginPage.<init>(LoginPage.java:10)
at base.BasePage.<init>(BasePage.java:28)
at pages.LoginPage.<init>(LoginPage.java:10)
at base.BasePage.<init>(BasePage.java:28)
at pages.LoginPage.<init>(LoginPage.java:10)
at base.BasePage.<init>(BasePage.java:28)
at pages.LoginPage.<init>(LoginPage.java:10)
at base.BasePage.<init>(BasePage.java:28)
at pages.LoginPage.<init>(LoginPage.java:10)
at base.BasePage.<init>(BasePage.java:28)
at pages.LoginPage.<init>(LoginPage.java:10)
at base.BasePage.<init>(BasePage.java:28)
at pages.LoginPage.<init>(LoginPage.java:10)
at base.BasePage.<init>(BasePage.java:28)
at pages.LoginPage.<init>(LoginPage.java:10)
at base.BasePage.<init>(BasePage.java:28)
at pages.LoginPage.<init>(LoginPage.java:10)
at base.BasePage.<init>(BasePage.java:28)
at pages.LoginPage.<init>(LoginPage.java:10)
at base.BasePage.<init>(BasePage.java:28)
at pages.LoginPage.<init>(LoginPage.java:10)
at base.BasePage.<init>(BasePage.java:28)
at pages.LoginPage.<init>(LoginPage.java:10)
at base.BasePage.<init>(BasePage.java:28)
at pages.LoginPage.<init>(LoginPage.java:10)
at base.BasePage.<init>(BasePage.java:28)
at pages.LoginPage.<init>(LoginPage.java:10)
at base.BasePage.<init>(BasePage.java:28)
at pages.LoginPage.<init>(LoginPage.java:10)
at base.BasePage.<init>(BasePage.java:28)
at pages.LoginPage.<init>(LoginPage.java:10)
at base.BasePage.<init>(BasePage.java:28)
at pages.LoginPage.<init>(LoginPage.java:10)
at base.BasePage.<init>(BasePage.java:28)
at pages.LoginPage.<init>(LoginPage.java:10)
at base.BasePage.<init>(BasePage.java:28)
at pages.LoginPage.<init>(LoginPage.java:10)
at base.BasePage.<init>(BasePage.java:28)
at pages.LoginPage.<init>(LoginPage.java:10)
at base.BasePage.<init>(BasePage.java:28)
at pages.LoginPage.<init>(LoginPage.java:10)
at base.BasePage.<init>(BasePage.java:28)
at pages.LoginPage.<init>(LoginPage.java:10)
at base.BasePage.<init>(BasePage.java:28)
at pages.LoginPage.<init>(LoginPage.java:10)
at base.BasePage.<init>(BasePage.java:28)
at pages.LoginPage.<init>(LoginPage.java:10)
at base.BasePage.<init>(BasePage.java:28)
at pages.LoginPage.<init>(LoginPage.java:10)
at base.BasePage.<init>(BasePage.java:28)
at pages.LoginPage.<init>(LoginPage.java:10)
at base.BasePage.<init>(BasePage.java:28)
at pages.LoginPage.<init>(LoginPage.java:10)
at base.BasePage.<init>(BasePage.java:28)
at pages.LoginPage.<init>(LoginPage.java:10)
at base.BasePage.<init>(BasePage.java:28)
at pages.LoginPage.<init>(LoginPage.java:10)
at base.BasePage.<init>(BasePage.java:28)
at pages.LoginPage.<init>(LoginPage.java:10)
at base.BasePage.<init>(BasePage.java:28)
at pages.LoginPage.<init>(LoginPage.java:10)
at base.BasePage.<init>(BasePage.java:28)
at pages.LoginPage.<init>(LoginPage.java:10)
at base.BasePage.<init>(BasePage.java:28)
at pages.LoginPage.<init>(LoginPage.java:10)
at base.BasePage.<init>(BasePage.java:28)
at pages.LoginPage.<init>(LoginPage.java:10)
at base.BasePage.<init>(BasePage.java:28)
at pages.LoginPage.<init>(LoginPage.java:10)
at base.BasePage.<init>(BasePage.java:28)
at pages.LoginPage.<init>(LoginPage.java:10)
at base.BasePage.<init>(BasePage.java:28)
at pages.LoginPage.<init>(LoginPage.java:10)
at base.BasePage.<init>(BasePage.java:28)
at pages.LoginPage.<init>(LoginPage.java:10)
at base.BasePage.<init>(BasePage.java:28)
at pages.LoginPage.<init>(LoginPage.java:10)
at base.BasePage.<init>(BasePage.java:28)
at pages.LoginPage.<init>(LoginPage.java:10)
at base.BasePage.<init>(BasePage.java:28)
at pages.LoginPage.<init>(LoginPage.java:10)
at base.BasePage.<init>(BasePage.java:28)
at pages.LoginPage.<init>(LoginPage.java:10)
at base.BasePage.<init>(BasePage.java:28)
at pages.LoginPage.<init>(LoginPage.java:10)
at base.BasePage.<init>(BasePage.java:28)
at pages.LoginPage.<init>(LoginPage.java:10)
at base.BasePage.<init>(BasePage.java:28)
at pages.LoginPage.<init>(LoginPage.java:10)
at base.BasePage.<init>(BasePage.java:28)
at pages.LoginPage.<init>(LoginPage.java:10)
at base.BasePage.<init>(BasePage.java:28)
at pages.LoginPage.<init>(LoginPage.java:10)
at base.BasePage.<init>(BasePage.java:28)
at pages.LoginPage.<init>(LoginPage.java:10)
at base.BasePage.<init>(BasePage.java:28)
at pages.LoginPage.<init>(LoginPage.java:10)
at base.BasePage.<init>(BasePage.java:28)
at pages.LoginPage.<init>(LoginPage.java:10)
at base.BasePage.<init>(BasePage.java:28)
at pages.LoginPage.<init>(LoginPage.java:10)
at base.BasePage.<init>(BasePage.java:28)
at pages.LoginPage.<init>(LoginPage.java:10)
at base.BasePage.<init>(BasePage.java:28)
at pages.LoginPage.<init>(LoginPage.java:10)
at base.BasePage.<init>(BasePage.java:28)
at pages.LoginPage.<init>(LoginPage.java:10)
at base.BasePage.<init>(BasePage.java:28)
at pages.LoginPage.<init>(LoginPage.java:10)
at base.BasePage.<init>(BasePage.java:28)
at pages.LoginPage.<init>(LoginPage.java:10)
at base.BasePage.<init>(BasePage.java:28)
at pages.LoginPage.<init>(LoginPage.java:10)
at base.BasePage.<init>(BasePage.java:28)
at pages.LoginPage.<init>(LoginPage.java:10)
at base.BasePage.<init>(BasePage.java:28)
at pages.LoginPage.<init>(LoginPage.java:10)
at base.BasePage.<init>(BasePage.java:28)
at pages.LoginPage.<init>(LoginPage.java:10)
at base.BasePage.<init>(BasePage.java:28)
at pages.LoginPage.<init>(LoginPage.java:10)
at base.BasePage.<init>(BasePage.java:28)
at pages.LoginPage.<init>(LoginPage.java:10)
at base.BasePage.<init>(BasePage.java:28)
at pages.LoginPage.<init>(LoginPage.java:10)
at base.BasePage.<init>(BasePage.java:28)
at pages.LoginPage.<init>(LoginPage.java:10)
at base.BasePage.<init>(BasePage.java:28)
at pages.LoginPage.<init>(LoginPage.java:10)
at base.BasePage.<init>(BasePage.java:28)
at pages.LoginPage.<init>(LoginPage.java:10)
at base.BasePage.<init>(BasePage.java:28)
at pages.LoginPage.<init>(LoginPage.java:10)
at base.BasePage.<init>(BasePage.java:28)
at pages.LoginPage.<init>(LoginPage.java:10)
at base.BasePage.<init>(BasePage.java:28)
at pages.LoginPage.<init>(LoginPage.java:10)
at base.BasePage.<init>(BasePage.java:28)
at pages.LoginPage.<init>(LoginPage.java:10)
at base.BasePage.<init>(BasePage.java:28)
at pages.LoginPage.<init>(LoginPage.java:10)
at base.BasePage.<init>(BasePage.java:28)
at pages.LoginPage.<init>(LoginPage.java:10)
at base.BasePage.<init>(BasePage.java:28)
at pages.LoginPage.<init>(LoginPage.java:10)
at base.BasePage.<init>(BasePage.java:28)
at pages.LoginPage.<init>(LoginPage.java:10)
at base.BasePage.<init>(BasePage.java:28)
at pages.LoginPage.<init>(LoginPage.java:10)
at base.BasePage.<init>(BasePage.java:28)
at pages.LoginPage.<init>(LoginPage.java:10)
at base.BasePage.<init>(BasePage.java:28)
at pages.LoginPage.<init>(LoginPage.java:10)
at base.BasePage.<init>(BasePage.java:28)
at pages.LoginPage.<init>(LoginPage.java:10)
at base.BasePage.<init>(BasePage.java:28)
at pages.LoginPage.<init>(LoginPage.java:10)
at base.BasePage.<init>(BasePage.java:28)
at pages.LoginPage.<init>(LoginPage.java:10)
at base.BasePage.<init>(BasePage.java:28)
at pages.LoginPage.<init>(LoginPage.java:10)
at base.BasePage.<init>(BasePage.java:28)
at pages.LoginPage.<init>(LoginPage.java:10)
at base.BasePage.<init>(BasePage.java:28)
at pages.LoginPage.<init>(LoginPage.java:10)
at base.BasePage.<init>(BasePage.java:28)
at pages.LoginPage.<init>(LoginPage.java:10)
]]>
    </failure>
  </testcase> <!-- loginWithValidDetails -->
  <testcase classname="testcases.LoginPageTest" name="loginWithoutValidDetails" time="0.005">
    <failure type="java.lang.StackOverflowError">
      <![CDATA[java.lang.StackOverflowError
at base.BasePage.<init>(BasePage.java:28)
at pages.LoginPage.<init>(LoginPage.java:10)
at base.BasePage.<init>(BasePage.java:28)
at pages.LoginPage.<init>(LoginPage.java:10)
at base.BasePage.<init>(BasePage.java:28)
at pages.LoginPage.<init>(LoginPage.java:10)
at base.BasePage.<init>(BasePage.java:28)
at pages.LoginPage.<init>(LoginPage.java:10)
at base.BasePage.<init>(BasePage.java:28)
at pages.LoginPage.<init>(LoginPage.java:10)
at base.BasePage.<init>(BasePage.java:28)
at pages.LoginPage.<init>(LoginPage.java:10)
at base.BasePage.<init>(BasePage.java:28)
at pages.LoginPage.<init>(LoginPage.java:10)
at base.BasePage.<init>(BasePage.java:28)
at pages.LoginPage.<init>(LoginPage.java:10)
at base.BasePage.<init>(BasePage.java:28)
at pages.LoginPage.<init>(LoginPage.java:10)
at base.BasePage.<init>(BasePage.java:28)
at pages.LoginPage.<init>(LoginPage.java:10)
at base.BasePage.<init>(BasePage.java:28)
at pages.LoginPage.<init>(LoginPage.java:10)
at base.BasePage.<init>(BasePage.java:28)
at pages.LoginPage.<init>(LoginPage.java:10)
at base.BasePage.<init>(BasePage.java:28)
at pages.LoginPage.<init>(LoginPage.java:10)
at base.BasePage.<init>(BasePage.java:28)
at pages.LoginPage.<init>(LoginPage.java:10)
at base.BasePage.<init>(BasePage.java:28)
at pages.LoginPage.<init>(LoginPage.java:10)
at base.BasePage.<init>(BasePage.java:28)
at pages.LoginPage.<init>(LoginPage.java:10)
at base.BasePage.<init>(BasePage.java:28)
at pages.LoginPage.<init>(LoginPage.java:10)
at base.BasePage.<init>(BasePage.java:28)
at pages.LoginPage.<init>(LoginPage.java:10)
at base.BasePage.<init>(BasePage.java:28)
at pages.LoginPage.<init>(LoginPage.java:10)
at base.BasePage.<init>(BasePage.java:28)
at pages.LoginPage.<init>(LoginPage.java:10)
at base.BasePage.<init>(BasePage.java:28)
at pages.LoginPage.<init>(LoginPage.java:10)
at base.BasePage.<init>(BasePage.java:28)
at pages.LoginPage.<init>(LoginPage.java:10)
at base.BasePage.<init>(BasePage.java:28)
at pages.LoginPage.<init>(LoginPage.java:10)
at base.BasePage.<init>(BasePage.java:28)
at pages.LoginPage.<init>(LoginPage.java:10)
at base.BasePage.<init>(BasePage.java:28)
at pages.LoginPage.<init>(LoginPage.java:10)
at base.BasePage.<init>(BasePage.java:28)
at pages.LoginPage.<init>(LoginPage.java:10)
at base.BasePage.<init>(BasePage.java:28)
at pages.LoginPage.<init>(LoginPage.java:10)
at base.BasePage.<init>(BasePage.java:28)
at pages.LoginPage.<init>(LoginPage.java:10)
at base.BasePage.<init>(BasePage.java:28)
at pages.LoginPage.<init>(LoginPage.java:10)
at base.BasePage.<init>(BasePage.java:28)
at pages.LoginPage.<init>(LoginPage.java:10)
at base.BasePage.<init>(BasePage.java:28)
at pages.LoginPage.<init>(LoginPage.java:10)
at base.BasePage.<init>(BasePage.java:28)
at pages.LoginPage.<init>(LoginPage.java:10)
at base.BasePage.<init>(BasePage.java:28)
at pages.LoginPage.<init>(LoginPage.java:10)
at base.BasePage.<init>(BasePage.java:28)
at pages.LoginPage.<init>(LoginPage.java:10)
at base.BasePage.<init>(BasePage.java:28)
at pages.LoginPage.<init>(LoginPage.java:10)
at base.BasePage.<init>(BasePage.java:28)
at pages.LoginPage.<init>(LoginPage.java:10)
at base.BasePage.<init>(BasePage.java:28)
at pages.LoginPage.<init>(LoginPage.java:10)
at base.BasePage.<init>(BasePage.java:28)
at pages.LoginPage.<init>(LoginPage.java:10)
at base.BasePage.<init>(BasePage.java:28)
at pages.LoginPage.<init>(LoginPage.java:10)
at base.BasePage.<init>(BasePage.java:28)
at pages.LoginPage.<init>(LoginPage.java:10)
at base.BasePage.<init>(BasePage.java:28)
at pages.LoginPage.<init>(LoginPage.java:10)
at base.BasePage.<init>(BasePage.java:28)
at pages.LoginPage.<init>(LoginPage.java:10)
at base.BasePage.<init>(BasePage.java:28)
at pages.LoginPage.<init>(LoginPage.java:10)
at base.BasePage.<init>(BasePage.java:28)
at pages.LoginPage.<init>(LoginPage.java:10)
at base.BasePage.<init>(BasePage.java:28)
at pages.LoginPage.<init>(LoginPage.java:10)
at base.BasePage.<init>(BasePage.java:28)
at pages.LoginPage.<init>(LoginPage.java:10)
at base.BasePage.<init>(BasePage.java:28)
at pages.LoginPage.<init>(LoginPage.java:10)
at base.BasePage.<init>(BasePage.java:28)
at pages.LoginPage.<init>(LoginPage.java:10)
at base.BasePage.<init>(BasePage.java:28)
at pages.LoginPage.<init>(LoginPage.java:10)
at base.BasePage.<init>(BasePage.java:28)
at pages.LoginPage.<init>(LoginPage.java:10)
at base.BasePage.<init>(BasePage.java:28)
at pages.LoginPage.<init>(LoginPage.java:10)
at base.BasePage.<init>(BasePage.java:28)
at pages.LoginPage.<init>(LoginPage.java:10)
at base.BasePage.<init>(BasePage.java:28)
at pages.LoginPage.<init>(LoginPage.java:10)
at base.BasePage.<init>(BasePage.java:28)
at pages.LoginPage.<init>(LoginPage.java:10)
at base.BasePage.<init>(BasePage.java:28)
at pages.LoginPage.<init>(LoginPage.java:10)
at base.BasePage.<init>(BasePage.java:28)
at pages.LoginPage.<init>(LoginPage.java:10)
at base.BasePage.<init>(BasePage.java:28)
at pages.LoginPage.<init>(LoginPage.java:10)
at base.BasePage.<init>(BasePage.java:28)
at pages.LoginPage.<init>(LoginPage.java:10)
at base.BasePage.<init>(BasePage.java:28)
at pages.LoginPage.<init>(LoginPage.java:10)
at base.BasePage.<init>(BasePage.java:28)
at pages.LoginPage.<init>(LoginPage.java:10)
at base.BasePage.<init>(BasePage.java:28)
at pages.LoginPage.<init>(LoginPage.java:10)
at base.BasePage.<init>(BasePage.java:28)
at pages.LoginPage.<init>(LoginPage.java:10)
at base.BasePage.<init>(BasePage.java:28)
at pages.LoginPage.<init>(LoginPage.java:10)
at base.BasePage.<init>(BasePage.java:28)
at pages.LoginPage.<init>(LoginPage.java:10)
at base.BasePage.<init>(BasePage.java:28)
at pages.LoginPage.<init>(LoginPage.java:10)
at base.BasePage.<init>(BasePage.java:28)
at pages.LoginPage.<init>(LoginPage.java:10)
at base.BasePage.<init>(BasePage.java:28)
at pages.LoginPage.<init>(LoginPage.java:10)
at base.BasePage.<init>(BasePage.java:28)
at pages.LoginPage.<init>(LoginPage.java:10)
at base.BasePage.<init>(BasePage.java:28)
at pages.LoginPage.<init>(LoginPage.java:10)
at base.BasePage.<init>(BasePage.java:28)
at pages.LoginPage.<init>(LoginPage.java:10)
at base.BasePage.<init>(BasePage.java:28)
at pages.LoginPage.<init>(LoginPage.java:10)
at base.BasePage.<init>(BasePage.java:28)
at pages.LoginPage.<init>(LoginPage.java:10)
at base.BasePage.<init>(BasePage.java:28)
at pages.LoginPage.<init>(LoginPage.java:10)
at base.BasePage.<init>(BasePage.java:28)
at pages.LoginPage.<init>(LoginPage.java:10)
at base.BasePage.<init>(BasePage.java:28)
at pages.LoginPage.<init>(LoginPage.java:10)
at base.BasePage.<init>(BasePage.java:28)
at pages.LoginPage.<init>(LoginPage.java:10)
at base.BasePage.<init>(BasePage.java:28)
at pages.LoginPage.<init>(LoginPage.java:10)
at base.BasePage.<init>(BasePage.java:28)
at pages.LoginPage.<init>(LoginPage.java:10)
at base.BasePage.<init>(BasePage.java:28)
at pages.LoginPage.<init>(LoginPage.java:10)
at base.BasePage.<init>(BasePage.java:28)
at pages.LoginPage.<init>(LoginPage.java:10)
at base.BasePage.<init>(BasePage.java:28)
at pages.LoginPage.<init>(LoginPage.java:10)
at base.BasePage.<init>(BasePage.java:28)
at pages.LoginPage.<init>(LoginPage.java:10)
at base.BasePage.<init>(BasePage.java:28)
at pages.LoginPage.<init>(LoginPage.java:10)
at base.BasePage.<init>(BasePage.java:28)
at pages.LoginPage.<init>(LoginPage.java:10)
at base.BasePage.<init>(BasePage.java:28)
at pages.LoginPage.<init>(LoginPage.java:10)
at base.BasePage.<init>(BasePage.java:28)
at pages.LoginPage.<init>(LoginPage.java:10)
at base.BasePage.<init>(BasePage.java:28)
at pages.LoginPage.<init>(LoginPage.java:10)
at base.BasePage.<init>(BasePage.java:28)
at pages.LoginPage.<init>(LoginPage.java:10)
at base.BasePage.<init>(BasePage.java:28)
at pages.LoginPage.<init>(LoginPage.java:10)
at base.BasePage.<init>(BasePage.java:28)
at pages.LoginPage.<init>(LoginPage.java:10)
at base.BasePage.<init>(BasePage.java:28)
at pages.LoginPage.<init>(LoginPage.java:10)
at base.BasePage.<init>(BasePage.java:28)
at pages.LoginPage.<init>(LoginPage.java:10)
at base.BasePage.<init>(BasePage.java:28)
at pages.LoginPage.<init>(LoginPage.java:10)
at base.BasePage.<init>(BasePage.java:28)
at pages.LoginPage.<init>(LoginPage.java:10)
at base.BasePage.<init>(BasePage.java:28)
at pages.LoginPage.<init>(LoginPage.java:10)
at base.BasePage.<init>(BasePage.java:28)
at pages.LoginPage.<init>(LoginPage.java:10)
at base.BasePage.<init>(BasePage.java:28)
at pages.LoginPage.<init>(LoginPage.java:10)
at base.BasePage.<init>(BasePage.java:28)
at pages.LoginPage.<init>(LoginPage.java:10)
at base.BasePage.<init>(BasePage.java:28)
at pages.LoginPage.<init>(LoginPage.java:10)
at base.BasePage.<init>(BasePage.java:28)
at pages.LoginPage.<init>(LoginPage.java:10)
at base.BasePage.<init>(BasePage.java:28)
at pages.LoginPage.<init>(LoginPage.java:10)
at base.BasePage.<init>(BasePage.java:28)
at pages.LoginPage.<init>(LoginPage.java:10)
at base.BasePage.<init>(BasePage.java:28)
at pages.LoginPage.<init>(LoginPage.java:10)
at base.BasePage.<init>(BasePage.java:28)
at pages.LoginPage.<init>(LoginPage.java:10)
at base.BasePage.<init>(BasePage.java:28)
at pages.LoginPage.<init>(LoginPage.java:10)
at base.BasePage.<init>(BasePage.java:28)
at pages.LoginPage.<init>(LoginPage.java:10)
at base.BasePage.<init>(BasePage.java:28)
at pages.LoginPage.<init>(LoginPage.java:10)
at base.BasePage.<init>(BasePage.java:28)
at pages.LoginPage.<init>(LoginPage.java:10)
at base.BasePage.<init>(BasePage.java:28)
at pages.LoginPage.<init>(LoginPage.java:10)
at base.BasePage.<init>(BasePage.java:28)
at pages.LoginPage.<init>(LoginPage.java:10)
at base.BasePage.<init>(BasePage.java:28)
at pages.LoginPage.<init>(LoginPage.java:10)
at base.BasePage.<init>(BasePage.java:28)
at pages.LoginPage.<init>(LoginPage.java:10)
at base.BasePage.<init>(BasePage.java:28)
at pages.LoginPage.<init>(LoginPage.java:10)
at base.BasePage.<init>(BasePage.java:28)
at pages.LoginPage.<init>(LoginPage.java:10)
at base.BasePage.<init>(BasePage.java:28)
at pages.LoginPage.<init>(LoginPage.java:10)
at base.BasePage.<init>(BasePage.java:28)
at pages.LoginPage.<init>(LoginPage.java:10)
at base.BasePage.<init>(BasePage.java:28)
at pages.LoginPage.<init>(LoginPage.java:10)
at base.BasePage.<init>(BasePage.java:28)
at pages.LoginPage.<init>(LoginPage.java:10)
at base.BasePage.<init>(BasePage.java:28)
at pages.LoginPage.<init>(LoginPage.java:10)
at base.BasePage.<init>(BasePage.java:28)
at pages.LoginPage.<init>(LoginPage.java:10)
at base.BasePage.<init>(BasePage.java:28)
at pages.LoginPage.<init>(LoginPage.java:10)
at base.BasePage.<init>(BasePage.java:28)
at pages.LoginPage.<init>(LoginPage.java:10)
at base.BasePage.<init>(BasePage.java:28)
at pages.LoginPage.<init>(LoginPage.java:10)
at base.BasePage.<init>(BasePage.java:28)
at pages.LoginPage.<init>(LoginPage.java:10)
at base.BasePage.<init>(BasePage.java:28)
at pages.LoginPage.<init>(LoginPage.java:10)
at base.BasePage.<init>(BasePage.java:28)
at pages.LoginPage.<init>(LoginPage.java:10)
at base.BasePage.<init>(BasePage.java:28)
at pages.LoginPage.<init>(LoginPage.java:10)
at base.BasePage.<init>(BasePage.java:28)
at pages.LoginPage.<init>(LoginPage.java:10)
at base.BasePage.<init>(BasePage.java:28)
at pages.LoginPage.<init>(LoginPage.java:10)
at base.BasePage.<init>(BasePage.java:28)
at pages.LoginPage.<init>(LoginPage.java:10)
at base.BasePage.<init>(BasePage.java:28)
at pages.LoginPage.<init>(LoginPage.java:10)
at base.BasePage.<init>(BasePage.java:28)
at pages.LoginPage.<init>(LoginPage.java:10)
at base.BasePage.<init>(BasePage.java:28)
at pages.LoginPage.<init>(LoginPage.java:10)
at base.BasePage.<init>(BasePage.java:28)
at pages.LoginPage.<init>(LoginPage.java:10)
at base.BasePage.<init>(BasePage.java:28)
at pages.LoginPage.<init>(LoginPage.java:10)
at base.BasePage.<init>(BasePage.java:28)
at pages.LoginPage.<init>(LoginPage.java:10)
at base.BasePage.<init>(BasePage.java:28)
at pages.LoginPage.<init>(LoginPage.java:10)
at base.BasePage.<init>(BasePage.java:28)
at pages.LoginPage.<init>(LoginPage.java:10)
at base.BasePage.<init>(BasePage.java:28)
at pages.LoginPage.<init>(LoginPage.java:10)
at base.BasePage.<init>(BasePage.java:28)
at pages.LoginPage.<init>(LoginPage.java:10)
at base.BasePage.<init>(BasePage.java:28)
at pages.LoginPage.<init>(LoginPage.java:10)
at base.BasePage.<init>(BasePage.java:28)
at pages.LoginPage.<init>(LoginPage.java:10)
at base.BasePage.<init>(BasePage.java:28)
at pages.LoginPage.<init>(LoginPage.java:10)
at base.BasePage.<init>(BasePage.java:28)
at pages.LoginPage.<init>(LoginPage.java:10)
at base.BasePage.<init>(BasePage.java:28)
at pages.LoginPage.<init>(LoginPage.java:10)
at base.BasePage.<init>(BasePage.java:28)
at pages.LoginPage.<init>(LoginPage.java:10)
at base.BasePage.<init>(BasePage.java:28)
at pages.LoginPage.<init>(LoginPage.java:10)
at base.BasePage.<init>(BasePage.java:28)
at pages.LoginPage.<init>(LoginPage.java:10)
at base.BasePage.<init>(BasePage.java:28)
at pages.LoginPage.<init>(LoginPage.java:10)
at base.BasePage.<init>(BasePage.java:28)
at pages.LoginPage.<init>(LoginPage.java:10)
at base.BasePage.<init>(BasePage.java:28)
at pages.LoginPage.<init>(LoginPage.java:10)
at base.BasePage.<init>(BasePage.java:28)
at pages.LoginPage.<init>(LoginPage.java:10)
at base.BasePage.<init>(BasePage.java:28)
at pages.LoginPage.<init>(LoginPage.java:10)
at base.BasePage.<init>(BasePage.java:28)
at pages.LoginPage.<init>(LoginPage.java:10)
at base.BasePage.<init>(BasePage.java:28)
at pages.LoginPage.<init>(LoginPage.java:10)
at base.BasePage.<init>(BasePage.java:28)
at pages.LoginPage.<init>(LoginPage.java:10)
at base.BasePage.<init>(BasePage.java:28)
at pages.LoginPage.<init>(LoginPage.java:10)
at base.BasePage.<init>(BasePage.java:28)
at pages.LoginPage.<init>(LoginPage.java:10)
at base.BasePage.<init>(BasePage.java:28)
at pages.LoginPage.<init>(LoginPage.java:10)
at base.BasePage.<init>(BasePage.java:28)
at pages.LoginPage.<init>(LoginPage.java:10)
at base.BasePage.<init>(BasePage.java:28)
at pages.LoginPage.<init>(LoginPage.java:10)
at base.BasePage.<init>(BasePage.java:28)
at pages.LoginPage.<init>(LoginPage.java:10)
at base.BasePage.<init>(BasePage.java:28)
at pages.LoginPage.<init>(LoginPage.java:10)
at base.BasePage.<init>(BasePage.java:28)
at pages.LoginPage.<init>(LoginPage.java:10)
at base.BasePage.<init>(BasePage.java:28)
at pages.LoginPage.<init>(LoginPage.java:10)
at base.BasePage.<init>(BasePage.java:28)
at pages.LoginPage.<init>(LoginPage.java:10)
at base.BasePage.<init>(BasePage.java:28)
at pages.LoginPage.<init>(LoginPage.java:10)
at base.BasePage.<init>(BasePage.java:28)
at pages.LoginPage.<init>(LoginPage.java:10)
at base.BasePage.<init>(BasePage.java:28)
at pages.LoginPage.<init>(LoginPage.java:10)
at base.BasePage.<init>(BasePage.java:28)
at pages.LoginPage.<init>(LoginPage.java:10)
at base.BasePage.<init>(BasePage.java:28)
at pages.LoginPage.<init>(LoginPage.java:10)
at base.BasePage.<init>(BasePage.java:28)
at pages.LoginPage.<init>(LoginPage.java:10)
at base.BasePage.<init>(BasePage.java:28)
at pages.LoginPage.<init>(LoginPage.java:10)
at base.BasePage.<init>(BasePage.java:28)
at pages.LoginPage.<init>(LoginPage.java:10)
at base.BasePage.<init>(BasePage.java:28)
at pages.LoginPage.<init>(LoginPage.java:10)
at base.BasePage.<init>(BasePage.java:28)
at pages.LoginPage.<init>(LoginPage.java:10)
at base.BasePage.<init>(BasePage.java:28)
at pages.LoginPage.<init>(LoginPage.java:10)
at base.BasePage.<init>(BasePage.java:28)
at pages.LoginPage.<init>(LoginPage.java:10)
at base.BasePage.<init>(BasePage.java:28)
at pages.LoginPage.<init>(LoginPage.java:10)
at base.BasePage.<init>(BasePage.java:28)
at pages.LoginPage.<init>(LoginPage.java:10)
at base.BasePage.<init>(BasePage.java:28)
at pages.LoginPage.<init>(LoginPage.java:10)
at base.BasePage.<init>(BasePage.java:28)
at pages.LoginPage.<init>(LoginPage.java:10)
at base.BasePage.<init>(BasePage.java:28)
at pages.LoginPage.<init>(LoginPage.java:10)
at base.BasePage.<init>(BasePage.java:28)
at pages.LoginPage.<init>(LoginPage.java:10)
at base.BasePage.<init>(BasePage.java:28)
at pages.LoginPage.<init>(LoginPage.java:10)
at base.BasePage.<init>(BasePage.java:28)
at pages.LoginPage.<init>(LoginPage.java:10)
at base.BasePage.<init>(BasePage.java:28)
at pages.LoginPage.<init>(LoginPage.java:10)
at base.BasePage.<init>(BasePage.java:28)
at pages.LoginPage.<init>(LoginPage.java:10)
at base.BasePage.<init>(BasePage.java:28)
at pages.LoginPage.<init>(LoginPage.java:10)
at base.BasePage.<init>(BasePage.java:28)
at pages.LoginPage.<init>(LoginPage.java:10)
at base.BasePage.<init>(BasePage.java:28)
at pages.LoginPage.<init>(LoginPage.java:10)
at base.BasePage.<init>(BasePage.java:28)
at pages.LoginPage.<init>(LoginPage.java:10)
at base.BasePage.<init>(BasePage.java:28)
at pages.LoginPage.<init>(LoginPage.java:10)
at base.BasePage.<init>(BasePage.java:28)
at pages.LoginPage.<init>(LoginPage.java:10)
at base.BasePage.<init>(BasePage.java:28)
at pages.LoginPage.<init>(LoginPage.java:10)
at base.BasePage.<init>(BasePage.java:28)
at pages.LoginPage.<init>(LoginPage.java:10)
at base.BasePage.<init>(BasePage.java:28)
at pages.LoginPage.<init>(LoginPage.java:10)
at base.BasePage.<init>(BasePage.java:28)
at pages.LoginPage.<init>(LoginPage.java:10)
at base.BasePage.<init>(BasePage.java:28)
at pages.LoginPage.<init>(LoginPage.java:10)
at base.BasePage.<init>(BasePage.java:28)
at pages.LoginPage.<init>(LoginPage.java:10)
at base.BasePage.<init>(BasePage.java:28)
at pages.LoginPage.<init>(LoginPage.java:10)
at base.BasePage.<init>(BasePage.java:28)
at pages.LoginPage.<init>(LoginPage.java:10)
at base.BasePage.<init>(BasePage.java:28)
at pages.LoginPage.<init>(LoginPage.java:10)
at base.BasePage.<init>(BasePage.java:28)
at pages.LoginPage.<init>(LoginPage.java:10)
at base.BasePage.<init>(BasePage.java:28)
at pages.LoginPage.<init>(LoginPage.java:10)
at base.BasePage.<init>(BasePage.java:28)
at pages.LoginPage.<init>(LoginPage.java:10)
at base.BasePage.<init>(BasePage.java:28)
at pages.LoginPage.<init>(LoginPage.java:10)
at base.BasePage.<init>(BasePage.java:28)
at pages.LoginPage.<init>(LoginPage.java:10)
at base.BasePage.<init>(BasePage.java:28)
at pages.LoginPage.<init>(LoginPage.java:10)
at base.BasePage.<init>(BasePage.java:28)
at pages.LoginPage.<init>(LoginPage.java:10)
at base.BasePage.<init>(BasePage.java:28)
at pages.LoginPage.<init>(LoginPage.java:10)
at base.BasePage.<init>(BasePage.java:28)
at pages.LoginPage.<init>(LoginPage.java:10)
at base.BasePage.<init>(BasePage.java:28)
at pages.LoginPage.<init>(LoginPage.java:10)
at base.BasePage.<init>(BasePage.java:28)
at pages.LoginPage.<init>(LoginPage.java:10)
at base.BasePage.<init>(BasePage.java:28)
at pages.LoginPage.<init>(LoginPage.java:10)
at base.BasePage.<init>(BasePage.java:28)
at pages.LoginPage.<init>(LoginPage.java:10)
at base.BasePage.<init>(BasePage.java:28)
at pages.LoginPage.<init>(LoginPage.java:10)
at base.BasePage.<init>(BasePage.java:28)
at pages.LoginPage.<init>(LoginPage.java:10)
at base.BasePage.<init>(BasePage.java:28)
at pages.LoginPage.<init>(LoginPage.java:10)
at base.BasePage.<init>(BasePage.java:28)
at pages.LoginPage.<init>(LoginPage.java:10)
at base.BasePage.<init>(BasePage.java:28)
at pages.LoginPage.<init>(LoginPage.java:10)
at base.BasePage.<init>(BasePage.java:28)
at pages.LoginPage.<init>(LoginPage.java:10)
at base.BasePage.<init>(BasePage.java:28)
at pages.LoginPage.<init>(LoginPage.java:10)
at base.BasePage.<init>(BasePage.java:28)
at pages.LoginPage.<init>(LoginPage.java:10)
at base.BasePage.<init>(BasePage.java:28)
at pages.LoginPage.<init>(LoginPage.java:10)
at base.BasePage.<init>(BasePage.java:28)
at pages.LoginPage.<init>(LoginPage.java:10)
at base.BasePage.<init>(BasePage.java:28)
at pages.LoginPage.<init>(LoginPage.java:10)
at base.BasePage.<init>(BasePage.java:28)
at pages.LoginPage.<init>(LoginPage.java:10)
at base.BasePage.<init>(BasePage.java:28)
at pages.LoginPage.<init>(LoginPage.java:10)
at base.BasePage.<init>(BasePage.java:28)
at pages.LoginPage.<init>(LoginPage.java:10)
at base.BasePage.<init>(BasePage.java:28)
at pages.LoginPage.<init>(LoginPage.java:10)
at base.BasePage.<init>(BasePage.java:28)
at pages.LoginPage.<init>(LoginPage.java:10)
at base.BasePage.<init>(BasePage.java:28)
at pages.LoginPage.<init>(LoginPage.java:10)
at base.BasePage.<init>(BasePage.java:28)
at pages.LoginPage.<init>(LoginPage.java:10)
at base.BasePage.<init>(BasePage.java:28)
at pages.LoginPage.<init>(LoginPage.java:10)
at base.BasePage.<init>(BasePage.java:28)
at pages.LoginPage.<init>(LoginPage.java:10)
at base.BasePage.<init>(BasePage.java:28)
at pages.LoginPage.<init>(LoginPage.java:10)
at base.BasePage.<init>(BasePage.java:28)
at pages.LoginPage.<init>(LoginPage.java:10)
at base.BasePage.<init>(BasePage.java:28)
at pages.LoginPage.<init>(LoginPage.java:10)
at base.BasePage.<init>(BasePage.java:28)
at pages.LoginPage.<init>(LoginPage.java:10)
at base.BasePage.<init>(BasePage.java:28)
at pages.LoginPage.<init>(LoginPage.java:10)
at base.BasePage.<init>(BasePage.java:28)
at pages.LoginPage.<init>(LoginPage.java:10)
at base.BasePage.<init>(BasePage.java:28)
at pages.LoginPage.<init>(LoginPage.java:10)
at base.BasePage.<init>(BasePage.java:28)
at pages.LoginPage.<init>(LoginPage.java:10)
at base.BasePage.<init>(BasePage.java:28)
at pages.LoginPage.<init>(LoginPage.java:10)
at base.BasePage.<init>(BasePage.java:28)
at pages.LoginPage.<init>(LoginPage.java:10)
at base.BasePage.<init>(BasePage.java:28)
at pages.LoginPage.<init>(LoginPage.java:10)
at base.BasePage.<init>(BasePage.java:28)
at pages.LoginPage.<init>(LoginPage.java:10)
at base.BasePage.<init>(BasePage.java:28)
at pages.LoginPage.<init>(LoginPage.java:10)
at base.BasePage.<init>(BasePage.java:28)
at pages.LoginPage.<init>(LoginPage.java:10)
at base.BasePage.<init>(BasePage.java:28)
at pages.LoginPage.<init>(LoginPage.java:10)
at base.BasePage.<init>(BasePage.java:28)
at pages.LoginPage.<init>(LoginPage.java:10)
at base.BasePage.<init>(BasePage.java:28)
at pages.LoginPage.<init>(LoginPage.java:10)
at base.BasePage.<init>(BasePage.java:28)
at pages.LoginPage.<init>(LoginPage.java:10)
at base.BasePage.<init>(BasePage.java:28)
at pages.LoginPage.<init>(LoginPage.java:10)
at base.BasePage.<init>(BasePage.java:28)
at pages.LoginPage.<init>(LoginPage.java:10)
at base.BasePage.<init>(BasePage.java:28)
at pages.LoginPage.<init>(LoginPage.java:10)
at base.BasePage.<init>(BasePage.java:28)
at pages.LoginPage.<init>(LoginPage.java:10)
at base.BasePage.<init>(BasePage.java:28)
at pages.LoginPage.<init>(LoginPage.java:10)
at base.BasePage.<init>(BasePage.java:28)
at pages.LoginPage.<init>(LoginPage.java:10)
at base.BasePage.<init>(BasePage.java:28)
at pages.LoginPage.<init>(LoginPage.java:10)
at base.BasePage.<init>(BasePage.java:28)
at pages.LoginPage.<init>(LoginPage.java:10)
at base.BasePage.<init>(BasePage.java:28)
at pages.LoginPage.<init>(LoginPage.java:10)
at base.BasePage.<init>(BasePage.java:28)
at pages.LoginPage.<init>(LoginPage.java:10)
at base.BasePage.<init>(BasePage.java:28)
at pages.LoginPage.<init>(LoginPage.java:10)
at base.BasePage.<init>(BasePage.java:28)
at pages.LoginPage.<init>(LoginPage.java:10)
at base.BasePage.<init>(BasePage.java:28)
at pages.LoginPage.<init>(LoginPage.java:10)
at base.BasePage.<init>(BasePage.java:28)
at pages.LoginPage.<init>(LoginPage.java:10)
at base.BasePage.<init>(BasePage.java:28)
at pages.LoginPage.<init>(LoginPage.java:10)
at base.BasePage.<init>(BasePage.java:28)
at pages.LoginPage.<init>(LoginPage.java:10)
at base.BasePage.<init>(BasePage.java:28)
at pages.LoginPage.<init>(LoginPage.java:10)
at base.BasePage.<init>(BasePage.java:28)
at pages.LoginPage.<init>(LoginPage.java:10)
at base.BasePage.<init>(BasePage.java:28)
at pages.LoginPage.<init>(LoginPage.java:10)
at base.BasePage.<init>(BasePage.java:28)
at pages.LoginPage.<init>(LoginPage.java:10)
at base.BasePage.<init>(BasePage.java:28)
at pages.LoginPage.<init>(LoginPage.java:10)
at base.BasePage.<init>(BasePage.java:28)
at pages.LoginPage.<init>(LoginPage.java:10)
at base.BasePage.<init>(BasePage.java:28)
at pages.LoginPage.<init>(LoginPage.java:10)
at base.BasePage.<init>(BasePage.java:28)
at pages.LoginPage.<init>(LoginPage.java:10)
at base.BasePage.<init>(BasePage.java:28)
at pages.LoginPage.<init>(LoginPage.java:10)
at base.BasePage.<init>(BasePage.java:28)
at pages.LoginPage.<init>(LoginPage.java:10)
at base.BasePage.<init>(BasePage.java:28)
at pages.LoginPage.<init>(LoginPage.java:10)
at base.BasePage.<init>(BasePage.java:28)
at pages.LoginPage.<init>(LoginPage.java:10)
at base.BasePage.<init>(BasePage.java:28)
at pages.LoginPage.<init>(LoginPage.java:10)
at base.BasePage.<init>(BasePage.java:28)
at pages.LoginPage.<init>(LoginPage.java:10)
at base.BasePage.<init>(BasePage.java:28)
at pages.LoginPage.<init>(LoginPage.java:10)
at base.BasePage.<init>(BasePage.java:28)
at pages.LoginPage.<init>(LoginPage.java:10)
at base.BasePage.<init>(BasePage.java:28)
at pages.LoginPage.<init>(LoginPage.java:10)
at base.BasePage.<init>(BasePage.java:28)
at pages.LoginPage.<init>(LoginPage.java:10)
at base.BasePage.<init>(BasePage.java:28)
at pages.LoginPage.<init>(LoginPage.java:10)
at base.BasePage.<init>(BasePage.java:28)
at pages.LoginPage.<init>(LoginPage.java:10)
at base.BasePage.<init>(BasePage.java:28)
at pages.LoginPage.<init>(LoginPage.java:10)
at base.BasePage.<init>(BasePage.java:28)
at pages.LoginPage.<init>(LoginPage.java:10)
at base.BasePage.<init>(BasePage.java:28)
at pages.LoginPage.<init>(LoginPage.java:10)
at base.BasePage.<init>(BasePage.java:28)
at pages.LoginPage.<init>(LoginPage.java:10)
at base.BasePage.<init>(BasePage.java:28)
at pages.LoginPage.<init>(LoginPage.java:10)
at base.BasePage.<init>(BasePage.java:28)
at pages.LoginPage.<init>(LoginPage.java:10)
at base.BasePage.<init>(BasePage.java:28)
at pages.LoginPage.<init>(LoginPage.java:10)
at base.BasePage.<init>(BasePage.java:28)
at pages.LoginPage.<init>(LoginPage.java:10)
at base.BasePage.<init>(BasePage.java:28)
at pages.LoginPage.<init>(LoginPage.java:10)
at base.BasePage.<init>(BasePage.java:28)
at pages.LoginPage.<init>(LoginPage.java:10)
at base.BasePage.<init>(BasePage.java:28)
at pages.LoginPage.<init>(LoginPage.java:10)
at base.BasePage.<init>(BasePage.java:28)
at pages.LoginPage.<init>(LoginPage.java:10)
at base.BasePage.<init>(BasePage.java:28)
at pages.LoginPage.<init>(LoginPage.java:10)
at base.BasePage.<init>(BasePage.java:28)
at pages.LoginPage.<init>(LoginPage.java:10)
at base.BasePage.<init>(BasePage.java:28)
at pages.LoginPage.<init>(LoginPage.java:10)
at base.BasePage.<init>(BasePage.java:28)
at pages.LoginPage.<init>(LoginPage.java:10)
at base.BasePage.<init>(BasePage.java:28)
at pages.LoginPage.<init>(LoginPage.java:10)
at base.BasePage.<init>(BasePage.java:28)
at pages.LoginPage.<init>(LoginPage.java:10)
at base.BasePage.<init>(BasePage.java:28)
at pages.LoginPage.<init>(LoginPage.java:10)
at base.BasePage.<init>(BasePage.java:28)
at pages.LoginPage.<init>(LoginPage.java:10)
at base.BasePage.<init>(BasePage.java:28)
at pages.LoginPage.<init>(LoginPage.java:10)
at base.BasePage.<init>(BasePage.java:28)
at pages.LoginPage.<init>(LoginPage.java:10)
at base.BasePage.<init>(BasePage.java:28)
at pages.LoginPage.<init>(LoginPage.java:10)
at base.BasePage.<init>(BasePage.java:28)
at pages.LoginPage.<init>(LoginPage.java:10)
at base.BasePage.<init>(BasePage.java:28)
at pages.LoginPage.<init>(LoginPage.java:10)
at base.BasePage.<init>(BasePage.java:28)
at pages.LoginPage.<init>(LoginPage.java:10)
at base.BasePage.<init>(BasePage.java:28)
at pages.LoginPage.<init>(LoginPage.java:10)
at base.BasePage.<init>(BasePage.java:28)
at pages.LoginPage.<init>(LoginPage.java:10)
at base.BasePage.<init>(BasePage.java:28)
at pages.LoginPage.<init>(LoginPage.java:10)
at base.BasePage.<init>(BasePage.java:28)
at pages.LoginPage.<init>(LoginPage.java:10)
at base.BasePage.<init>(BasePage.java:28)
at pages.LoginPage.<init>(LoginPage.java:10)
at base.BasePage.<init>(BasePage.java:28)
at pages.LoginPage.<init>(LoginPage.java:10)
at base.BasePage.<init>(BasePage.java:28)
at pages.LoginPage.<init>(LoginPage.java:10)
at base.BasePage.<init>(BasePage.java:28)
at pages.LoginPage.<init>(LoginPage.java:10)
at base.BasePage.<init>(BasePage.java:28)
at pages.LoginPage.<init>(LoginPage.java:10)
at base.BasePage.<init>(BasePage.java:28)
at pages.LoginPage.<init>(LoginPage.java:10)
at base.BasePage.<init>(BasePage.java:28)
at pages.LoginPage.<init>(LoginPage.java:10)
at base.BasePage.<init>(BasePage.java:28)
at pages.LoginPage.<init>(LoginPage.java:10)
at base.BasePage.<init>(BasePage.java:28)
at pages.LoginPage.<init>(LoginPage.java:10)
at base.BasePage.<init>(BasePage.java:28)
at pages.LoginPage.<init>(LoginPage.java:10)
at base.BasePage.<init>(BasePage.java:28)
at pages.LoginPage.<init>(LoginPage.java:10)
at base.BasePage.<init>(BasePage.java:28)
at pages.LoginPage.<init>(LoginPage.java:10)
at base.BasePage.<init>(BasePage.java:28)
at pages.LoginPage.<init>(LoginPage.java:10)
at base.BasePage.<init>(BasePage.java:28)
at pages.LoginPage.<init>(LoginPage.java:10)
at base.BasePage.<init>(BasePage.java:28)
at pages.LoginPage.<init>(LoginPage.java:10)
at base.BasePage.<init>(BasePage.java:28)
at pages.LoginPage.<init>(LoginPage.java:10)
at base.BasePage.<init>(BasePage.java:28)
at pages.LoginPage.<init>(LoginPage.java:10)
at base.BasePage.<init>(BasePage.java:28)
at pages.LoginPage.<init>(LoginPage.java:10)
at base.BasePage.<init>(BasePage.java:28)
at pages.LoginPage.<init>(LoginPage.java:10)
at base.BasePage.<init>(BasePage.java:28)
at pages.LoginPage.<init>(LoginPage.java:10)
at base.BasePage.<init>(BasePage.java:28)
at pages.LoginPage.<init>(LoginPage.java:10)
at base.BasePage.<init>(BasePage.java:28)
at pages.LoginPage.<init>(LoginPage.java:10)
at base.BasePage.<init>(BasePage.java:28)
at pages.LoginPage.<init>(LoginPage.java:10)
at base.BasePage.<init>(BasePage.java:28)
at pages.LoginPage.<init>(LoginPage.java:10)
at base.BasePage.<init>(BasePage.java:28)
at pages.LoginPage.<init>(LoginPage.java:10)
at base.BasePage.<init>(BasePage.java:28)
at pages.LoginPage.<init>(LoginPage.java:10)
at base.BasePage.<init>(BasePage.java:28)
at pages.LoginPage.<init>(LoginPage.java:10)
at base.BasePage.<init>(BasePage.java:28)
at pages.LoginPage.<init>(LoginPage.java:10)
at base.BasePage.<init>(BasePage.java:28)
at pages.LoginPage.<init>(LoginPage.java:10)
at base.BasePage.<init>(BasePage.java:28)
at pages.LoginPage.<init>(LoginPage.java:10)
at base.BasePage.<init>(BasePage.java:28)
at pages.LoginPage.<init>(LoginPage.java:10)
at base.BasePage.<init>(BasePage.java:28)
at pages.LoginPage.<init>(LoginPage.java:10)
at base.BasePage.<init>(BasePage.java:28)
at pages.LoginPage.<init>(LoginPage.java:10)
at base.BasePage.<init>(BasePage.java:28)
at pages.LoginPage.<init>(LoginPage.java:10)
at base.BasePage.<init>(BasePage.java:28)
at pages.LoginPage.<init>(LoginPage.java:10)
at base.BasePage.<init>(BasePage.java:28)
at pages.LoginPage.<init>(LoginPage.java:10)
at base.BasePage.<init>(BasePage.java:28)
at pages.LoginPage.<init>(LoginPage.java:10)
at base.BasePage.<init>(BasePage.java:28)
at pages.LoginPage.<init>(LoginPage.java:10)
at base.BasePage.<init>(BasePage.java:28)
at pages.LoginPage.<init>(LoginPage.java:10)
at base.BasePage.<init>(BasePage.java:28)
at pages.LoginPage.<init>(LoginPage.java:10)
at base.BasePage.<init>(BasePage.java:28)
at pages.LoginPage.<init>(LoginPage.java:10)
at base.BasePage.<init>(BasePage.java:28)
at pages.LoginPage.<init>(LoginPage.java:10)
at base.BasePage.<init>(BasePage.java:28)
at pages.LoginPage.<init>(LoginPage.java:10)
at base.BasePage.<init>(BasePage.java:28)
at pages.LoginPage.<init>(LoginPage.java:10)
at base.BasePage.<init>(BasePage.java:28)
at pages.LoginPage.<init>(LoginPage.java:10)
at base.BasePage.<init>(BasePage.java:28)
at pages.LoginPage.<init>(LoginPage.java:10)
at base.BasePage.<init>(BasePage.java:28)
at pages.LoginPage.<init>(LoginPage.java:10)
at base.BasePage.<init>(BasePage.java:28)
at pages.LoginPage.<init>(LoginPage.java:10)
at base.BasePage.<init>(BasePage.java:28)
at pages.LoginPage.<init>(LoginPage.java:10)
at base.BasePage.<init>(BasePage.java:28)
at pages.LoginPage.<init>(LoginPage.java:10)
at base.BasePage.<init>(BasePage.java:28)
at pages.LoginPage.<init>(LoginPage.java:10)
at base.BasePage.<init>(BasePage.java:28)
at pages.LoginPage.<init>(LoginPage.java:10)
at base.BasePage.<init>(BasePage.java:28)
at pages.LoginPage.<init>(LoginPage.java:10)
at base.BasePage.<init>(BasePage.java:28)
at pages.LoginPage.<init>(LoginPage.java:10)
at base.BasePage.<init>(BasePage.java:28)
at pages.LoginPage.<init>(LoginPage.java:10)
at base.BasePage.<init>(BasePage.java:28)
at pages.LoginPage.<init>(LoginPage.java:10)
at base.BasePage.<init>(BasePage.java:28)
at pages.LoginPage.<init>(LoginPage.java:10)
at base.BasePage.<init>(BasePage.java:28)
at pages.LoginPage.<init>(LoginPage.java:10)
at base.BasePage.<init>(BasePage.java:28)
at pages.LoginPage.<init>(LoginPage.java:10)
at base.BasePage.<init>(BasePage.java:28)
at pages.LoginPage.<init>(LoginPage.java:10)
at base.BasePage.<init>(BasePage.java:28)
at pages.LoginPage.<init>(LoginPage.java:10)
at base.BasePage.<init>(BasePage.java:28)
at pages.LoginPage.<init>(LoginPage.java:10)
at base.BasePage.<init>(BasePage.java:28)
at pages.LoginPage.<init>(LoginPage.java:10)
at base.BasePage.<init>(BasePage.java:28)
at pages.LoginPage.<init>(LoginPage.java:10)
at base.BasePage.<init>(BasePage.java:28)
at pages.LoginPage.<init>(LoginPage.java:10)
at base.BasePage.<init>(BasePage.java:28)
at pages.LoginPage.<init>(LoginPage.java:10)
at base.BasePage.<init>(BasePage.java:28)
at pages.LoginPage.<init>(LoginPage.java:10)
at base.BasePage.<init>(BasePage.java:28)
at pages.LoginPage.<init>(LoginPage.java:10)
at base.BasePage.<init>(BasePage.java:28)
at pages.LoginPage.<init>(LoginPage.java:10)
at base.BasePage.<init>(BasePage.java:28)
at pages.LoginPage.<init>(LoginPage.java:10)
at base.BasePage.<init>(BasePage.java:28)
at pages.LoginPage.<init>(LoginPage.java:10)
at base.BasePage.<init>(BasePage.java:28)
at pages.LoginPage.<init>(LoginPage.java:10)
at base.BasePage.<init>(BasePage.java:28)
at pages.LoginPage.<init>(LoginPage.java:10)
at base.BasePage.<init>(BasePage.java:28)
at pages.LoginPage.<init>(LoginPage.java:10)
at base.BasePage.<init>(BasePage.java:28)
at pages.LoginPage.<init>(LoginPage.java:10)
at base.BasePage.<init>(BasePage.java:28)
at pages.LoginPage.<init>(LoginPage.java:10)
at base.BasePage.<init>(BasePage.java:28)
at pages.LoginPage.<init>(LoginPage.java:10)
at base.BasePage.<init>(BasePage.java:28)
at pages.LoginPage.<init>(LoginPage.java:10)
at base.BasePage.<init>(BasePage.java:28)
at pages.LoginPage.<init>(LoginPage.java:10)
at base.BasePage.<init>(BasePage.java:28)
at pages.LoginPage.<init>(LoginPage.java:10)
at base.BasePage.<init>(BasePage.java:28)
at pages.LoginPage.<init>(LoginPage.java:10)
at base.BasePage.<init>(BasePage.java:28)
at pages.LoginPage.<init>(LoginPage.java:10)
at base.BasePage.<init>(BasePage.java:28)
at pages.LoginPage.<init>(LoginPage.java:10)
at base.BasePage.<init>(BasePage.java:28)
at pages.LoginPage.<init>(LoginPage.java:10)
at base.BasePage.<init>(BasePage.java:28)
at pages.LoginPage.<init>(LoginPage.java:10)
at base.BasePage.<init>(BasePage.java:28)
at pages.LoginPage.<init>(LoginPage.java:10)
at base.BasePage.<init>(BasePage.java:28)
at pages.LoginPage.<init>(LoginPage.java:10)
at base.BasePage.<init>(BasePage.java:28)
at pages.LoginPage.<init>(LoginPage.java:10)
at base.BasePage.<init>(BasePage.java:28)
at pages.LoginPage.<init>(LoginPage.java:10)
at base.BasePage.<init>(BasePage.java:28)
at pages.LoginPage.<init>(LoginPage.java:10)
at base.BasePage.<init>(BasePage.java:28)
at pages.LoginPage.<init>(LoginPage.java:10)
at base.BasePage.<init>(BasePage.java:28)
at pages.LoginPage.<init>(LoginPage.java:10)
at base.BasePage.<init>(BasePage.java:28)
at pages.LoginPage.<init>(LoginPage.java:10)
at base.BasePage.<init>(BasePage.java:28)
at pages.LoginPage.<init>(LoginPage.java:10)
at base.BasePage.<init>(BasePage.java:28)
at pages.LoginPage.<init>(LoginPage.java:10)
at base.BasePage.<init>(BasePage.java:28)
at pages.LoginPage.<init>(LoginPage.java:10)
at base.BasePage.<init>(BasePage.java:28)
at pages.LoginPage.<init>(LoginPage.java:10)
at base.BasePage.<init>(BasePage.java:28)
at pages.LoginPage.<init>(LoginPage.java:10)
at base.BasePage.<init>(BasePage.java:28)
at pages.LoginPage.<init>(LoginPage.java:10)
at base.BasePage.<init>(BasePage.java:28)
at pages.LoginPage.<init>(LoginPage.java:10)
at base.BasePage.<init>(BasePage.java:28)
at pages.LoginPage.<init>(LoginPage.java:10)
at base.BasePage.<init>(BasePage.java:28)
at pages.LoginPage.<init>(LoginPage.java:10)
at base.BasePage.<init>(BasePage.java:28)
at pages.LoginPage.<init>(LoginPage.java:10)
at base.BasePage.<init>(BasePage.java:28)
at pages.LoginPage.<init>(LoginPage.java:10)
at base.BasePage.<init>(BasePage.java:28)
at pages.LoginPage.<init>(LoginPage.java:10)
at base.BasePage.<init>(BasePage.java:28)
at pages.LoginPage.<init>(LoginPage.java:10)
at base.BasePage.<init>(BasePage.java:28)
at pages.LoginPage.<init>(LoginPage.java:10)
at base.BasePage.<init>(BasePage.java:28)
at pages.LoginPage.<init>(LoginPage.java:10)
at base.BasePage.<init>(BasePage.java:28)
at pages.LoginPage.<init>(LoginPage.java:10)
at base.BasePage.<init>(BasePage.java:28)
at pages.LoginPage.<init>(LoginPage.java:10)
at base.BasePage.<init>(BasePage.java:28)
at pages.LoginPage.<init>(LoginPage.java:10)
at base.BasePage.<init>(BasePage.java:28)
at pages.LoginPage.<init>(LoginPage.java:10)
at base.BasePage.<init>(BasePage.java:28)
at pages.LoginPage.<init>(LoginPage.java:10)
at base.BasePage.<init>(BasePage.java:28)
at pages.LoginPage.<init>(LoginPage.java:10)
at base.BasePage.<init>(BasePage.java:28)
at pages.LoginPage.<init>(LoginPage.java:10)
at base.BasePage.<init>(BasePage.java:28)
at pages.LoginPage.<init>(LoginPage.java:10)
at base.BasePage.<init>(BasePage.java:28)
at pages.LoginPage.<init>(LoginPage.java:10)
at base.BasePage.<init>(BasePage.java:28)
at pages.LoginPage.<init>(LoginPage.java:10)
at base.BasePage.<init>(BasePage.java:28)
at pages.LoginPage.<init>(LoginPage.java:10)
at base.BasePage.<init>(BasePage.java:28)
at pages.LoginPage.<init>(LoginPage.java:10)
at base.BasePage.<init>(BasePage.java:28)
at pages.LoginPage.<init>(LoginPage.java:10)
at base.BasePage.<init>(BasePage.java:28)
at pages.LoginPage.<init>(LoginPage.java:10)
at base.BasePage.<init>(BasePage.java:28)
at pages.LoginPage.<init>(LoginPage.java:10)
at base.BasePage.<init>(BasePage.java:28)
at pages.LoginPage.<init>(LoginPage.java:10)
at base.BasePage.<init>(BasePage.java:28)
at pages.LoginPage.<init>(LoginPage.java:10)
at base.BasePage.<init>(BasePage.java:28)
at pages.LoginPage.<init>(LoginPage.java:10)
at base.BasePage.<init>(BasePage.java:28)
at pages.LoginPage.<init>(LoginPage.java:10)
at base.BasePage.<init>(BasePage.java:28)
at pages.LoginPage.<init>(LoginPage.java:10)
at base.BasePage.<init>(BasePage.java:28)
at pages.LoginPage.<init>(LoginPage.java:10)
at base.BasePage.<init>(BasePage.java:28)
at pages.LoginPage.<init>(LoginPage.java:10)
at base.BasePage.<init>(BasePage.java:28)
at pages.LoginPage.<init>(LoginPage.java:10)
at base.BasePage.<init>(BasePage.java:28)
at pages.LoginPage.<init>(LoginPage.java:10)
at base.BasePage.<init>(BasePage.java:28)
at pages.LoginPage.<init>(LoginPage.java:10)
at base.BasePage.<init>(BasePage.java:28)
at pages.LoginPage.<init>(LoginPage.java:10)
at base.BasePage.<init>(BasePage.java:28)
at pages.LoginPage.<init>(LoginPage.java:10)
at base.BasePage.<init>(BasePage.java:28)
at pages.LoginPage.<init>(LoginPage.java:10)
at base.BasePage.<init>(BasePage.java:28)
at pages.LoginPage.<init>(LoginPage.java:10)
at base.BasePage.<init>(BasePage.java:28)
at pages.LoginPage.<init>(LoginPage.java:10)
at base.BasePage.<init>(BasePage.java:28)
at pages.LoginPage.<init>(LoginPage.java:10)
at base.BasePage.<init>(BasePage.java:28)
at pages.LoginPage.<init>(LoginPage.java:10)
at base.BasePage.<init>(BasePage.java:28)
at pages.LoginPage.<init>(LoginPage.java:10)
at base.BasePage.<init>(BasePage.java:28)
at pages.LoginPage.<init>(LoginPage.java:10)
at base.BasePage.<init>(BasePage.java:28)
at pages.LoginPage.<init>(LoginPage.java:10)
at base.BasePage.<init>(BasePage.java:28)
at pages.LoginPage.<init>(LoginPage.java:10)
at base.BasePage.<init>(BasePage.java:28)
at pages.LoginPage.<init>(LoginPage.java:10)
at base.BasePage.<init>(BasePage.java:28)
at pages.LoginPage.<init>(LoginPage.java:10)
at base.BasePage.<init>(BasePage.java:28)
at pages.LoginPage.<init>(LoginPage.java:10)
at base.BasePage.<init>(BasePage.java:28)
at pages.LoginPage.<init>(LoginPage.java:10)
at base.BasePage.<init>(BasePage.java:28)
at pages.LoginPage.<init>(LoginPage.java:10)
at base.BasePage.<init>(BasePage.java:28)
at pages.LoginPage.<init>(LoginPage.java:10)
at base.BasePage.<init>(BasePage.java:28)
at pages.LoginPage.<init>(LoginPage.java:10)
at base.BasePage.<init>(BasePage.java:28)
at pages.LoginPage.<init>(LoginPage.java:10)
at base.BasePage.<init>(BasePage.java:28)
at pages.LoginPage.<init>(LoginPage.java:10)
at base.BasePage.<init>(BasePage.java:28)
at pages.LoginPage.<init>(LoginPage.java:10)
at base.BasePage.<init>(BasePage.java:28)
at pages.LoginPage.<init>(LoginPage.java:10)
at base.BasePage.<init>(BasePage.java:28)
at pages.LoginPage.<init>(LoginPage.java:10)
at base.BasePage.<init>(BasePage.java:28)
at pages.LoginPage.<init>(LoginPage.java:10)
at base.BasePage.<init>(BasePage.java:28)
at pages.LoginPage.<init>(LoginPage.java:10)
at base.BasePage.<init>(BasePage.java:28)
at pages.LoginPage.<init>(LoginPage.java:10)
at base.BasePage.<init>(BasePage.java:28)
at pages.LoginPage.<init>(LoginPage.java:10)
at base.BasePage.<init>(BasePage.java:28)
at pages.LoginPage.<init>(LoginPage.java:10)
at base.BasePage.<init>(BasePage.java:28)
at pages.LoginPage.<init>(LoginPage.java:10)
at base.BasePage.<init>(BasePage.java:28)
at pages.LoginPage.<init>(LoginPage.java:10)
at base.BasePage.<init>(BasePage.java:28)
at pages.LoginPage.<init>(LoginPage.java:10)
at base.BasePage.<init>(BasePage.java:28)
at pages.LoginPage.<init>(LoginPage.java:10)
at base.BasePage.<init>(BasePage.java:28)
at pages.LoginPage.<init>(LoginPage.java:10)
at base.BasePage.<init>(BasePage.java:28)
at pages.LoginPage.<init>(LoginPage.java:10)
at base.BasePage.<init>(BasePage.java:28)
at pages.LoginPage.<init>(LoginPage.java:10)
at base.BasePage.<init>(BasePage.java:28)
at pages.LoginPage.<init>(LoginPage.java:10)
at base.BasePage.<init>(BasePage.java:28)
at pages.LoginPage.<init>(LoginPage.java:10)
at base.BasePage.<init>(BasePage.java:28)
at pages.LoginPage.<init>(LoginPage.java:10)
at base.BasePage.<init>(BasePage.java:28)
at pages.LoginPage.<init>(LoginPage.java:10)
at base.BasePage.<init>(BasePage.java:28)
at pages.LoginPage.<init>(LoginPage.java:10)
at base.BasePage.<init>(BasePage.java:28)
at pages.LoginPage.<init>(LoginPage.java:10)
at base.BasePage.<init>(BasePage.java:28)
at pages.LoginPage.<init>(LoginPage.java:10)
at base.BasePage.<init>(BasePage.java:28)
at pages.LoginPage.<init>(LoginPage.java:10)
at base.BasePage.<init>(BasePage.java:28)
at pages.LoginPage.<init>(LoginPage.java:10)
at base.BasePage.<init>(BasePage.java:28)
at pages.LoginPage.<init>(LoginPage.java:10)
at base.BasePage.<init>(BasePage.java:28)
at pages.LoginPage.<init>(LoginPage.java:10)
at base.BasePage.<init>(BasePage.java:28)
at pages.LoginPage.<init>(LoginPage.java:10)
at base.BasePage.<init>(BasePage.java:28)
at pages.LoginPage.<init>(LoginPage.java:10)
at base.BasePage.<init>(BasePage.java:28)
at pages.LoginPage.<init>(LoginPage.java:10)
at base.BasePage.<init>(BasePage.java:28)
at pages.LoginPage.<init>(LoginPage.java:10)
at base.BasePage.<init>(BasePage.java:28)
at pages.LoginPage.<init>(LoginPage.java:10)
at base.BasePage.<init>(BasePage.java:28)
at pages.LoginPage.<init>(LoginPage.java:10)
at base.BasePage.<init>(BasePage.java:28)
at pages.LoginPage.<init>(LoginPage.java:10)
at base.BasePage.<init>(BasePage.java:28)
at pages.LoginPage.<init>(LoginPage.java:10)
at base.BasePage.<init>(BasePage.java:28)
at pages.LoginPage.<init>(LoginPage.java:10)
at base.BasePage.<init>(BasePage.java:28)
at pages.LoginPage.<init>(LoginPage.java:10)
at base.BasePage.<init>(BasePage.java:28)
at pages.LoginPage.<init>(LoginPage.java:10)
at base.BasePage.<init>(BasePage.java:28)
at pages.LoginPage.<init>(LoginPage.java:10)
at base.BasePage.<init>(BasePage.java:28)
at pages.LoginPage.<init>(LoginPage.java:10)
]]>
    </failure>
  </testcase> <!-- loginWithoutValidDetails -->
</testsuite> <!-- Test -->
